#-----------------------------------------------------------
# Webtalk v2018.2.2 (64-bit)
# SW Build 2348494 on Mon Oct  1 18:25:44 MDT 2018
# 
# Start of session at: Thu Feb 20 12:34:01 2020
# Process ID: 8868
# Current directory: D:/GitHub/Pcam_to_SD_Memory/cam_to_sd/cam_to_sd.sdk/webtalk
# Command line: wbtcv.exe -mode batch -source sdk_webtalk.tcl
# Log file: D:/GitHub/Pcam_to_SD_Memory/cam_to_sd/cam_to_sd.sdk/webtalk/webtalk.log
# Journal file: D:/GitHub/Pcam_to_SD_Memory/cam_to_sd/cam_to_sd.sdk/webtalk\webtalk.jou
#-----------------------------------------------------------
source sdk_webtalk.tcl
# webtalk_init -webtalk_dir D:\\GitHub\\Pcam_to_SD_Memory\\cam_to_sd\\cam_to_sd.sdk\\webtalk
# webtalk_register_client -client project
# webtalk_add_data -client project -key date_generated -value "2020-02-20 12:33:59" -context "software_version_and_target_device"
# webtalk_add_data -client project -key product_version -value "SDK v2018.2" -context "software_version_and_target_device"
# webtalk_add_data -client project -key build_version -value "2018.2" -context "software_version_and_target_device"
# webtalk_add_data -client project -key os_platform -value "amd64" -context "software_version_and_target_device"
# webtalk_add_data -client project -key registration_id -value "211027015_1777507201_210699529_949" -context "software_version_and_target_device"
# webtalk_add_data -client project -key tool_flow -value "SDK" -context "software_version_and_target_device"
# webtalk_add_data -client project -key beta -value "false" -context "software_version_and_target_device"
# webtalk_add_data -client project -key route_design -value "NA" -context "software_version_and_target_device"
# webtalk_add_data -client project -key target_family -value "NA" -context "software_version_and_target_device"
# webtalk_add_data -client project -key target_device -value "NA" -context "software_version_and_target_device"
# webtalk_add_data -client project -key target_package -value "NA" -context "software_version_and_target_device"
# webtalk_add_data -client project -key target_speed -value "NA" -context "software_version_and_target_device"
# webtalk_add_data -client project -key random_id -value "6cqr1n0mrsmv2lku4squlu62su" -context "software_version_and_target_device"
# webtalk_add_data -client project -key project_id -value "2018.2_14" -context "software_version_and_target_device"
# webtalk_add_data -client project -key project_iteration -value "14" -context "software_version_and_target_device"
# webtalk_add_data -client project -key os_name -value "Microsoft Windows 8 or later , 64-bit" -context "user_environment"
# webtalk_add_data -client project -key os_release -value "major release  (build 9200)" -context "user_environment"
# webtalk_add_data -client project -key cpu_name -value "Intel(R) Core(TM) i5-9300H CPU @ 2.40GHz" -context "user_environment"
# webtalk_add_data -client project -key cpu_speed -value "2400 MHz" -context "user_environment"
# webtalk_add_data -client project -key total_processors -value "1" -context "user_environment"
# webtalk_add_data -client project -key system_ram -value "8.464 GB" -context "user_environment"
# webtalk_register_client -client sdk
# webtalk_add_data -client sdk -key uid -value "1582209498713" -context "sdk\\\\hardware/1582209498713"
# webtalk_add_data -client sdk -key isZynq -value "true" -context "sdk\\\\hardware/1582209498713"
# webtalk_add_data -client sdk -key isZynqMP -value "false" -context "sdk\\\\hardware/1582209498713"
# webtalk_add_data -client sdk -key Processors -value "2" -context "sdk\\\\hardware/1582209498713"
# webtalk_add_data -client sdk -key VivadoVersion -value "2018.2.2" -context "sdk\\\\hardware/1582209498713"
# webtalk_add_data -client sdk -key Arch -value "zynq" -context "sdk\\\\hardware/1582209498713"
# webtalk_add_data -client sdk -key Device -value "7z020" -context "sdk\\\\hardware/1582209498713"
# webtalk_add_data -client sdk -key IsHandoff -value "true" -context "sdk\\\\hardware/1582209498713"
# webtalk_add_data -client sdk -key os -value "NA" -context "sdk\\\\hardware/1582209498713"
# webtalk_add_data -client sdk -key apptemplate -value "NA" -context "sdk\\\\hardware/1582209498713"
# webtalk_add_data -client sdk -key RecordType -value "HWCreation" -context "sdk\\\\hardware/1582209498713"
# webtalk_add_data -client sdk -key uid -value "1582209744754" -context "sdk\\\\bsp/1582209744754"
# webtalk_add_data -client sdk -key hwid -value "1582209498713" -context "sdk\\\\bsp/1582209744754"
# webtalk_add_data -client sdk -key os -value "standalone" -context "sdk\\\\bsp/1582209744754"
# webtalk_add_data -client sdk -key apptemplate -value "empty_application" -context "sdk\\\\bsp/1582209744754"
# webtalk_add_data -client sdk -key RecordType -value "BSPCreation" -context "sdk\\\\bsp/1582209744754"
# webtalk_add_data -client sdk -key uid -value "1582209746795" -context "sdk\\\\application/1582209746795"
# webtalk_add_data -client sdk -key hwid -value "1582209498713" -context "sdk\\\\application/1582209746795"
# webtalk_add_data -client sdk -key bspid -value "1582209744754" -context "sdk\\\\application/1582209746795"
# webtalk_add_data -client sdk -key newbsp -value "true" -context "sdk\\\\application/1582209746795"
# webtalk_add_data -client sdk -key os -value "standalone" -context "sdk\\\\application/1582209746795"
# webtalk_add_data -client sdk -key apptemplate -value "empty_application" -context "sdk\\\\application/1582209746795"
# webtalk_add_data -client sdk -key RecordType -value "APPCreation" -context "sdk\\\\application/1582209746795"
# webtalk_add_data -client sdk -key LangUsed -value "CPP" -context "sdk\\\\application/1582209746795"
# webtalk_add_data -client sdk -key Procused -value "ps7_cortexa9" -context "sdk\\\\application/1582209746795"
# webtalk_add_data -client sdk -key projSize -value "3185.609375" -context "sdk\\\\application/1582209746795"
# webtalk_add_data -client sdk -key uid -value "1582209941295" -context "sdk\\\\application/1582209941295"
# webtalk_add_data -client sdk -key hwid -value "1582209498713" -context "sdk\\\\application/1582209941295"
# webtalk_add_data -client sdk -key bspid -value "1582209744754" -context "sdk\\\\application/1582209941295"
# webtalk_add_data -client sdk -key newbsp -value "false" -context "sdk\\\\application/1582209941295"
# webtalk_add_data -client sdk -key os -value "standalone" -context "sdk\\\\application/1582209941295"
# webtalk_add_data -client sdk -key apptemplate -value "zynq_fsbl" -context "sdk\\\\application/1582209941295"
# webtalk_add_data -client sdk -key RecordType -value "APPCreation" -context "sdk\\\\application/1582209941295"
# webtalk_add_data -client sdk -key LangUsed -value "C" -context "sdk\\\\application/1582209941295"
# webtalk_add_data -client sdk -key Procused -value "ps7_cortexa9" -context "sdk\\\\application/1582209941295"
# webtalk_add_data -client sdk -key projSize -value "604.64453125" -context "sdk\\\\application/1582209941295"
# webtalk_add_data -client sdk -key uid -value "NA" -context "sdk\\\\bsp/1582212839254"
# webtalk_add_data -client sdk -key RecordType -value "ToolUsage" -context "sdk\\\\bsp/1582212839254"
# webtalk_add_data -client sdk -key BootgenCount -value "1" -context "sdk\\\\bsp/1582212839254"
# webtalk_add_data -client sdk -key DebugCount -value "0" -context "sdk\\\\bsp/1582212839254"
# webtalk_add_data -client sdk -key PerfCount -value "0" -context "sdk\\\\bsp/1582212839254"
# webtalk_add_data -client sdk -key FlashCount -value "0" -context "sdk\\\\bsp/1582212839254"
# webtalk_add_data -client sdk -key CrossTriggCount -value "0" -context "sdk\\\\bsp/1582212839254"
# webtalk_add_data -client sdk -key QemuDebugCount -value "0" -context "sdk\\\\bsp/1582212839254"
# webtalk_transmit -clientid 499238828 -regid "211027015_1777507201_210699529_949" -xml D:\\GitHub\\Pcam_to_SD_Memory\\cam_to_sd\\cam_to_sd.sdk\\webtalk\\usage_statistics_ext_sdk.xml -html D:\\GitHub\\Pcam_to_SD_Memory\\cam_to_sd\\cam_to_sd.sdk\\webtalk\\usage_statistics_ext_sdk.html -wdm D:\\GitHub\\Pcam_to_SD_Memory\\cam_to_sd\\cam_to_sd.sdk\\webtalk\\sdk_webtalk.wdm -intro "<H3>SDK Usage Report</H3><BR>"
# webtalk_terminate
INFO: [Common 17-206] Exiting Webtalk at Thu Feb 20 12:34:07 2020...
