19:27:20 INFO  : Registering command handlers for SDK TCF services
19:27:21 INFO  : Launching XSCT server: xsct.bat -interactive C:\Users\josen\Documents\GitHub\Pcam_to_SD_Memory\cam_to_sd\cam_to_sd.sdk\temp_xsdb_launch_script.tcl
19:27:23 INFO  : XSCT server has started successfully.
19:27:23 INFO  : Successfully done setting XSCT server connection channel  
19:27:23 INFO  : Processing command line option -hwspec C:/Users/josen/Documents/GitHub/Pcam_to_SD_Memory/cam_to_sd/cam_to_sd.sdk/system_wrapper.hdf.
19:27:23 INFO  : Successfully done setting SDK workspace  
16:11:36 INFO  : Launching XSCT server: xsct.bat -interactive C:\Users\josen\Documents\GitHub\Pcam_to_SD_Memory\cam_to_sd\cam_to_sd.sdk\temp_xsdb_launch_script.tcl
16:11:39 INFO  : XSCT server has started successfully.
16:11:45 INFO  : Successfully done setting XSCT server connection channel  
16:11:45 INFO  : Successfully done setting SDK workspace  
16:11:48 INFO  : Registering command handlers for SDK TCF services
16:11:49 INFO  : Processing command line option -hwspec C:/Users/josen/Documents/GitHub/Pcam_to_SD_Memory/cam_to_sd/cam_to_sd.sdk/system_wrapper.hdf.
16:11:49 INFO  : Checking for hwspec changes in the project system_wrapper_hw_platform_0.
16:28:13 INFO  : Refreshed build settings on project capturer
16:35:10 INFO  : Invoking Bootgen: bootgen -image capturer.bif -arch zynq -o C:\Users\josen\Documents\GitHub\Pcam_to_SD_Memory\cam_to_sd\cam_to_sd.sdk\capturer\bootimage\BOOT.bin
16:35:10 INFO  : Creating new bif file C:\Users\josen\Documents\GitHub\Pcam_to_SD_Memory\cam_to_sd\cam_to_sd.sdk\capturer\bootimage\capturer.bif
16:35:12 INFO  : Bootgen command execution is done.
16:55:22 INFO  : Invoking Bootgen: bootgen -image capturer.bif -arch zynq -o C:\Users\josen\Documents\GitHub\Pcam_to_SD_Memory\cam_to_sd\cam_to_sd.sdk\capturer\bootimage\BOOT.bin -w on
16:55:24 INFO  : Bootgen command execution is done.
16:58:42 INFO  : Invoking Bootgen: bootgen -image capturer.bif -arch zynq -o C:\Users\josen\Documents\GitHub\Pcam_to_SD_Memory\cam_to_sd\cam_to_sd.sdk\capturer\bootimage\BOOT.bin -w on
16:58:44 INFO  : Bootgen command execution is done.
17:34:43 INFO  : Invoking Bootgen: bootgen -image capturer.bif -arch zynq -o C:\Users\josen\Documents\GitHub\Pcam_to_SD_Memory\cam_to_sd\cam_to_sd.sdk\capturer\bootimage\BOOT.bin -w on
17:34:44 INFO  : Bootgen command execution is done.
17:42:09 INFO  : Connected to target on host '127.0.0.1' and port '3121'.
17:42:11 INFO  : 'targets -set -filter {jtag_cable_name =~ "Digilent Zybo Z7 210351A82458A" && level==0} -index 1' command is executed.
17:42:14 INFO  : FPGA configured successfully with bitstream "C:/Users/josen/Documents/GitHub/Pcam_to_SD_Memory/cam_to_sd/cam_to_sd.sdk/system_wrapper_hw_platform_0/system_wrapper.bit"
17:42:29 INFO  : Connected to target on host '127.0.0.1' and port '3121'.
17:42:29 INFO  : 'targets -set -filter {jtag_cable_name =~ "Digilent Zybo Z7 210351A82458A" && level==0} -index 1' command is executed.
17:42:31 INFO  : FPGA configured successfully with bitstream "C:/Users/josen/Documents/GitHub/Pcam_to_SD_Memory/cam_to_sd/cam_to_sd.sdk/system_wrapper_hw_platform_0/system_wrapper.bit"
17:43:09 INFO  : Connected to target on host '127.0.0.1' and port '3121'.
17:43:15 INFO  : Connected to target on host '127.0.0.1' and port '3121'.
17:43:15 INFO  : 'targets -set -filter {jtag_cable_name =~ "Digilent Zybo Z7 210351A82458A" && level==0} -index 1' command is executed.
17:43:17 INFO  : FPGA configured successfully with bitstream "C:/Users/josen/Documents/GitHub/Pcam_to_SD_Memory/cam_to_sd/cam_to_sd.sdk/system_wrapper_hw_platform_0/system_wrapper.bit"
17:45:57 INFO  : Connected to target on host '127.0.0.1' and port '3121'.
17:45:57 INFO  : 'targets -set -filter {jtag_cable_name =~ "Digilent Zybo Z7 210351A82458A" && level==0} -index 1' command is executed.
17:46:00 INFO  : FPGA configured successfully with bitstream "C:/Users/josen/Documents/GitHub/Pcam_to_SD_Memory/cam_to_sd/cam_to_sd.sdk/system_wrapper_hw_platform_0/system_wrapper.bit"
17:46:31 INFO  : 'targets -set -filter {jtag_cable_name =~ "Digilent Zybo Z7 210351A82458A" && level==0} -index 1' command is executed.
17:46:31 INFO  : 'fpga -state' command is executed.
17:46:31 INFO  : Connected to target on host '127.0.0.1' and port '3121'.
17:46:31 INFO  : Jtag cable 'Digilent Zybo Z7 210351A82458A' is selected.
17:46:31 INFO  : 'jtag frequency' command is executed.
17:46:31 INFO  : Sourcing of 'C:/Users/josen/Documents/GitHub/Pcam_to_SD_Memory/cam_to_sd/cam_to_sd.sdk/system_wrapper_hw_platform_0/ps7_init.tcl' is done.
17:46:32 INFO  : Context for 'APU' is selected.
17:46:32 INFO  : Hardware design information is loaded from 'C:/Users/josen/Documents/GitHub/Pcam_to_SD_Memory/cam_to_sd/cam_to_sd.sdk/system_wrapper_hw_platform_0/system.hdf'.
17:46:32 INFO  : 'configparams force-mem-access 1' command is executed.
17:46:32 INFO  : Context for 'APU' is selected.
17:46:32 INFO  : 'stop' command is executed.
17:46:32 INFO  : 'ps7_init' command is executed.
17:46:32 INFO  : 'ps7_post_config' command is executed.
17:46:32 INFO  : Context for processor 'ps7_cortexa9_0' is selected.
17:46:32 INFO  : Processor reset is completed for 'ps7_cortexa9_0'.
17:46:32 INFO  : Context for processor 'ps7_cortexa9_0' is selected.
17:46:34 INFO  : The application 'C:/Users/josen/Documents/GitHub/Pcam_to_SD_Memory/cam_to_sd/cam_to_sd.sdk/capturer/Debug/capturer.elf' is downloaded to processor 'ps7_cortexa9_0'.
17:46:34 INFO  : 'configparams force-mem-access 0' command is executed.
17:46:34 INFO  : ----------------XSDB Script----------------
connect -url tcp:127.0.0.1:3121
source C:/Users/josen/Documents/GitHub/Pcam_to_SD_Memory/cam_to_sd/cam_to_sd.sdk/system_wrapper_hw_platform_0/ps7_init.tcl
targets -set -nocase -filter {name =~"APU*" && jtag_cable_name =~ "Digilent Zybo Z7 210351A82458A"} -index 0
loadhw -hw C:/Users/josen/Documents/GitHub/Pcam_to_SD_Memory/cam_to_sd/cam_to_sd.sdk/system_wrapper_hw_platform_0/system.hdf -mem-ranges [list {0x40000000 0xbfffffff}]
configparams force-mem-access 1
targets -set -nocase -filter {name =~"APU*" && jtag_cable_name =~ "Digilent Zybo Z7 210351A82458A"} -index 0
stop
ps7_init
ps7_post_config
targets -set -nocase -filter {name =~ "ARM*#0" && jtag_cable_name =~ "Digilent Zybo Z7 210351A82458A"} -index 0
rst -processor
targets -set -nocase -filter {name =~ "ARM*#0" && jtag_cable_name =~ "Digilent Zybo Z7 210351A82458A"} -index 0
dow C:/Users/josen/Documents/GitHub/Pcam_to_SD_Memory/cam_to_sd/cam_to_sd.sdk/capturer/Debug/capturer.elf
configparams force-mem-access 0
----------------End of Script----------------

17:46:34 INFO  : Memory regions updated for context APU
17:46:34 INFO  : Context for processor 'ps7_cortexa9_0' is selected.
17:46:34 INFO  : 'con' command is executed.
17:46:34 INFO  : ----------------XSDB Script (After Launch)----------------
targets -set -nocase -filter {name =~ "ARM*#0" && jtag_cable_name =~ "Digilent Zybo Z7 210351A82458A"} -index 0
con
----------------End of Script----------------

17:46:34 INFO  : Launch script is exported to file 'C:\Users\josen\Documents\GitHub\Pcam_to_SD_Memory\cam_to_sd\cam_to_sd.sdk\.sdk\launch_scripts\xilinx_c-c++_application_(system_debugger)\system_debugger_using_debug_capturer.elf_on_local.tcl'
17:50:17 INFO  : Inferring section assignments and sizes from elf file: C:\Users\josen\Documents\GitHub\Pcam_to_SD_Memory\cam_to_sd\cam_to_sd.sdk\capturer\Debug\capturer.elf
17:50:50 INFO  : Successfully generated C:\Users\josen\Documents\GitHub\Pcam_to_SD_Memory\cam_to_sd\cam_to_sd.sdk\capturer\src\lscript.ld.
17:50:50 INFO  : Applying linker script to all configurations of project capturer.
17:50:50 INFO  : Setting rebuild state to true for all configurations of project capturer.
17:51:22 INFO  : Disconnected from the channel tcfchan#1.
17:51:23 INFO  : 'targets -set -filter {jtag_cable_name =~ "Digilent Zybo Z7 210351A82458A" && level==0} -index 1' command is executed.
17:51:23 INFO  : 'fpga -state' command is executed.
17:51:36 INFO  : Connected to target on host '127.0.0.1' and port '3121'.
17:51:36 INFO  : Jtag cable 'Digilent Zybo Z7 210351A82458A' is selected.
17:51:36 INFO  : 'jtag frequency' command is executed.
17:51:36 INFO  : Sourcing of 'C:/Users/josen/Documents/GitHub/Pcam_to_SD_Memory/cam_to_sd/cam_to_sd.sdk/system_wrapper_hw_platform_0/ps7_init.tcl' is done.
17:51:36 INFO  : Context for 'APU' is selected.
17:51:39 INFO  : Hardware design information is loaded from 'C:/Users/josen/Documents/GitHub/Pcam_to_SD_Memory/cam_to_sd/cam_to_sd.sdk/system_wrapper_hw_platform_0/system.hdf'.
17:51:39 INFO  : 'configparams force-mem-access 1' command is executed.
17:51:39 INFO  : Context for 'APU' is selected.
17:51:39 INFO  : 'stop' command is executed.
17:51:39 INFO  : 'ps7_init' command is executed.
17:51:39 INFO  : 'ps7_post_config' command is executed.
17:51:39 INFO  : Context for processor 'ps7_cortexa9_0' is selected.
17:51:39 INFO  : Processor reset is completed for 'ps7_cortexa9_0'.
17:51:39 INFO  : Context for processor 'ps7_cortexa9_0' is selected.
17:51:41 INFO  : The application 'C:/Users/josen/Documents/GitHub/Pcam_to_SD_Memory/cam_to_sd/cam_to_sd.sdk/capturer/Debug/capturer.elf' is downloaded to processor 'ps7_cortexa9_0'.
17:51:41 INFO  : 'configparams force-mem-access 0' command is executed.
17:51:41 INFO  : ----------------XSDB Script----------------
connect -url tcp:127.0.0.1:3121
source C:/Users/josen/Documents/GitHub/Pcam_to_SD_Memory/cam_to_sd/cam_to_sd.sdk/system_wrapper_hw_platform_0/ps7_init.tcl
targets -set -nocase -filter {name =~"APU*" && jtag_cable_name =~ "Digilent Zybo Z7 210351A82458A"} -index 0
loadhw -hw C:/Users/josen/Documents/GitHub/Pcam_to_SD_Memory/cam_to_sd/cam_to_sd.sdk/system_wrapper_hw_platform_0/system.hdf -mem-ranges [list {0x40000000 0xbfffffff}]
configparams force-mem-access 1
targets -set -nocase -filter {name =~"APU*" && jtag_cable_name =~ "Digilent Zybo Z7 210351A82458A"} -index 0
stop
ps7_init
ps7_post_config
targets -set -nocase -filter {name =~ "ARM*#0" && jtag_cable_name =~ "Digilent Zybo Z7 210351A82458A"} -index 0
rst -processor
targets -set -nocase -filter {name =~ "ARM*#0" && jtag_cable_name =~ "Digilent Zybo Z7 210351A82458A"} -index 0
dow C:/Users/josen/Documents/GitHub/Pcam_to_SD_Memory/cam_to_sd/cam_to_sd.sdk/capturer/Debug/capturer.elf
configparams force-mem-access 0
----------------End of Script----------------

17:51:41 INFO  : Memory regions updated for context APU
17:51:41 INFO  : Context for processor 'ps7_cortexa9_0' is selected.
17:51:41 INFO  : 'con' command is executed.
17:51:41 INFO  : ----------------XSDB Script (After Launch)----------------
targets -set -nocase -filter {name =~ "ARM*#0" && jtag_cable_name =~ "Digilent Zybo Z7 210351A82458A"} -index 0
con
----------------End of Script----------------

17:51:41 INFO  : Launch script is exported to file 'C:\Users\josen\Documents\GitHub\Pcam_to_SD_Memory\cam_to_sd\cam_to_sd.sdk\.sdk\launch_scripts\xilinx_c-c++_application_(system_debugger)\system_debugger_using_debug_capturer.elf_on_local.tcl'
17:51:51 INFO  : Connected to target on host '127.0.0.1' and port '3121'.
17:51:51 INFO  : 'targets -set -filter {jtag_cable_name =~ "Digilent Zybo Z7 210351A82458A" && level==0} -index 1' command is executed.
17:51:54 INFO  : FPGA configured successfully with bitstream "C:/Users/josen/Documents/GitHub/Pcam_to_SD_Memory/cam_to_sd/cam_to_sd.sdk/system_wrapper_hw_platform_0/system_wrapper.bit"
17:52:08 INFO  : Connected to target on host '127.0.0.1' and port '3121'.
17:52:09 INFO  : 'targets -set -filter {jtag_cable_name =~ "Digilent Zybo Z7 210351A82458A" && level==0} -index 1' command is executed.
17:52:11 INFO  : FPGA configured successfully with bitstream "C:/Users/josen/Documents/GitHub/Pcam_to_SD_Memory/cam_to_sd/cam_to_sd.sdk/system_wrapper_hw_platform_0/system_wrapper.bit"
17:52:16 INFO  : Disconnected from the channel tcfchan#2.
17:52:17 INFO  : 'targets -set -filter {jtag_cable_name =~ "Digilent Zybo Z7 210351A82458A" && level==0} -index 1' command is executed.
17:52:17 INFO  : 'fpga -state' command is executed.
17:52:17 INFO  : Connected to target on host '127.0.0.1' and port '3121'.
17:52:18 INFO  : Jtag cable 'Digilent Zybo Z7 210351A82458A' is selected.
17:52:18 INFO  : 'jtag frequency' command is executed.
17:52:18 INFO  : Sourcing of 'C:/Users/josen/Documents/GitHub/Pcam_to_SD_Memory/cam_to_sd/cam_to_sd.sdk/system_wrapper_hw_platform_0/ps7_init.tcl' is done.
17:52:18 INFO  : Context for 'APU' is selected.
17:52:20 INFO  : Hardware design information is loaded from 'C:/Users/josen/Documents/GitHub/Pcam_to_SD_Memory/cam_to_sd/cam_to_sd.sdk/system_wrapper_hw_platform_0/system.hdf'.
17:52:20 INFO  : 'configparams force-mem-access 1' command is executed.
17:52:21 INFO  : Context for 'APU' is selected.
17:52:21 INFO  : 'stop' command is executed.
17:52:21 INFO  : 'ps7_init' command is executed.
17:52:21 INFO  : 'ps7_post_config' command is executed.
17:52:21 INFO  : Context for processor 'ps7_cortexa9_0' is selected.
17:52:21 INFO  : Processor reset is completed for 'ps7_cortexa9_0'.
17:52:21 INFO  : Context for processor 'ps7_cortexa9_0' is selected.
17:52:23 INFO  : The application 'C:/Users/josen/Documents/GitHub/Pcam_to_SD_Memory/cam_to_sd/cam_to_sd.sdk/capturer/Debug/capturer.elf' is downloaded to processor 'ps7_cortexa9_0'.
17:52:23 INFO  : 'configparams force-mem-access 0' command is executed.
17:52:23 INFO  : ----------------XSDB Script----------------
connect -url tcp:127.0.0.1:3121
source C:/Users/josen/Documents/GitHub/Pcam_to_SD_Memory/cam_to_sd/cam_to_sd.sdk/system_wrapper_hw_platform_0/ps7_init.tcl
targets -set -nocase -filter {name =~"APU*" && jtag_cable_name =~ "Digilent Zybo Z7 210351A82458A"} -index 0
loadhw -hw C:/Users/josen/Documents/GitHub/Pcam_to_SD_Memory/cam_to_sd/cam_to_sd.sdk/system_wrapper_hw_platform_0/system.hdf -mem-ranges [list {0x40000000 0xbfffffff}]
configparams force-mem-access 1
targets -set -nocase -filter {name =~"APU*" && jtag_cable_name =~ "Digilent Zybo Z7 210351A82458A"} -index 0
stop
ps7_init
ps7_post_config
targets -set -nocase -filter {name =~ "ARM*#0" && jtag_cable_name =~ "Digilent Zybo Z7 210351A82458A"} -index 0
rst -processor
targets -set -nocase -filter {name =~ "ARM*#0" && jtag_cable_name =~ "Digilent Zybo Z7 210351A82458A"} -index 0
dow C:/Users/josen/Documents/GitHub/Pcam_to_SD_Memory/cam_to_sd/cam_to_sd.sdk/capturer/Debug/capturer.elf
configparams force-mem-access 0
----------------End of Script----------------

17:52:23 INFO  : Memory regions updated for context APU
17:52:23 INFO  : Context for processor 'ps7_cortexa9_0' is selected.
17:52:23 INFO  : 'con' command is executed.
17:52:23 INFO  : ----------------XSDB Script (After Launch)----------------
targets -set -nocase -filter {name =~ "ARM*#0" && jtag_cable_name =~ "Digilent Zybo Z7 210351A82458A"} -index 0
con
----------------End of Script----------------

17:52:23 INFO  : Launch script is exported to file 'C:\Users\josen\Documents\GitHub\Pcam_to_SD_Memory\cam_to_sd\cam_to_sd.sdk\.sdk\launch_scripts\xilinx_c-c++_application_(system_debugger)\system_debugger_using_debug_capturer.elf_on_local.tcl'
17:59:21 INFO  : Connected to target on host '127.0.0.1' and port '3121'.
17:59:21 INFO  : 'targets -set -filter {jtag_cable_name =~ "Digilent Zybo Z7 210351A82458A" && level==0} -index 1' command is executed.
17:59:24 INFO  : FPGA configured successfully with bitstream "C:/Users/josen/Documents/GitHub/Pcam_to_SD_Memory/cam_to_sd/cam_to_sd.sdk/system_wrapper_hw_platform_0/system_wrapper.bit"
18:00:29 INFO  : Disconnected from the channel tcfchan#3.
18:00:30 INFO  : 'targets -set -filter {jtag_cable_name =~ "Digilent Zybo Z7 210351A82458A" && level==0} -index 1' command is executed.
18:00:30 INFO  : 'fpga -state' command is executed.
18:00:30 INFO  : Connected to target on host '127.0.0.1' and port '3121'.
18:00:30 INFO  : Jtag cable 'Digilent Zybo Z7 210351A82458A' is selected.
18:00:30 INFO  : 'jtag frequency' command is executed.
18:00:30 INFO  : Sourcing of 'C:/Users/josen/Documents/GitHub/Pcam_to_SD_Memory/cam_to_sd/cam_to_sd.sdk/system_wrapper_hw_platform_0/ps7_init.tcl' is done.
18:00:30 INFO  : Context for 'APU' is selected.
18:00:34 INFO  : Hardware design information is loaded from 'C:/Users/josen/Documents/GitHub/Pcam_to_SD_Memory/cam_to_sd/cam_to_sd.sdk/system_wrapper_hw_platform_0/system.hdf'.
18:00:34 INFO  : 'configparams force-mem-access 1' command is executed.
18:00:34 INFO  : Context for 'APU' is selected.
18:00:34 INFO  : 'stop' command is executed.
18:00:34 INFO  : 'ps7_init' command is executed.
18:00:34 INFO  : 'ps7_post_config' command is executed.
18:00:34 INFO  : Context for processor 'ps7_cortexa9_0' is selected.
18:00:34 INFO  : Processor reset is completed for 'ps7_cortexa9_0'.
18:00:34 INFO  : Context for processor 'ps7_cortexa9_0' is selected.
18:00:36 INFO  : The application 'C:/Users/josen/Documents/GitHub/Pcam_to_SD_Memory/cam_to_sd/cam_to_sd.sdk/capturer/Debug/capturer.elf' is downloaded to processor 'ps7_cortexa9_0'.
18:00:36 INFO  : 'configparams force-mem-access 0' command is executed.
18:00:36 INFO  : ----------------XSDB Script----------------
connect -url tcp:127.0.0.1:3121
source C:/Users/josen/Documents/GitHub/Pcam_to_SD_Memory/cam_to_sd/cam_to_sd.sdk/system_wrapper_hw_platform_0/ps7_init.tcl
targets -set -nocase -filter {name =~"APU*" && jtag_cable_name =~ "Digilent Zybo Z7 210351A82458A"} -index 0
loadhw -hw C:/Users/josen/Documents/GitHub/Pcam_to_SD_Memory/cam_to_sd/cam_to_sd.sdk/system_wrapper_hw_platform_0/system.hdf -mem-ranges [list {0x40000000 0xbfffffff}]
configparams force-mem-access 1
targets -set -nocase -filter {name =~"APU*" && jtag_cable_name =~ "Digilent Zybo Z7 210351A82458A"} -index 0
stop
ps7_init
ps7_post_config
targets -set -nocase -filter {name =~ "ARM*#0" && jtag_cable_name =~ "Digilent Zybo Z7 210351A82458A"} -index 0
rst -processor
targets -set -nocase -filter {name =~ "ARM*#0" && jtag_cable_name =~ "Digilent Zybo Z7 210351A82458A"} -index 0
dow C:/Users/josen/Documents/GitHub/Pcam_to_SD_Memory/cam_to_sd/cam_to_sd.sdk/capturer/Debug/capturer.elf
configparams force-mem-access 0
----------------End of Script----------------

18:00:36 INFO  : Memory regions updated for context APU
18:00:37 INFO  : Context for processor 'ps7_cortexa9_0' is selected.
18:00:37 INFO  : 'con' command is executed.
18:00:37 INFO  : ----------------XSDB Script (After Launch)----------------
targets -set -nocase -filter {name =~ "ARM*#0" && jtag_cable_name =~ "Digilent Zybo Z7 210351A82458A"} -index 0
con
----------------End of Script----------------

18:00:37 INFO  : Launch script is exported to file 'C:\Users\josen\Documents\GitHub\Pcam_to_SD_Memory\cam_to_sd\cam_to_sd.sdk\.sdk\launch_scripts\xilinx_c-c++_application_(system_debugger)\system_debugger_using_debug_capturer.elf_on_local.tcl'
18:11:48 INFO  : Connected to target on host '127.0.0.1' and port '3121'.
18:13:31 INFO  : Connected to target on host '127.0.0.1' and port '3121'.
18:13:32 INFO  : 'targets -set -filter {jtag_cable_name =~ "Digilent Zybo Z7 210351A82458A" && level==0} -index 1' command is executed.
18:13:35 INFO  : FPGA configured successfully with bitstream "C:/Users/josen/Documents/GitHub/Pcam_to_SD_Memory/cam_to_sd/cam_to_sd.sdk/system_wrapper_hw_platform_0/system_wrapper.bit"
18:14:03 INFO  : Disconnected from the channel tcfchan#4.
18:14:05 INFO  : 'targets -set -filter {jtag_cable_name =~ "Digilent Zybo Z7 210351A82458A" && level==0} -index 1' command is executed.
18:14:05 INFO  : 'fpga -state' command is executed.
18:14:05 INFO  : Connected to target on host '127.0.0.1' and port '3121'.
18:14:05 INFO  : Jtag cable 'Digilent Zybo Z7 210351A82458A' is selected.
18:14:05 INFO  : 'jtag frequency' command is executed.
18:14:05 INFO  : Sourcing of 'C:/Users/josen/Documents/GitHub/Pcam_to_SD_Memory/cam_to_sd/cam_to_sd.sdk/system_wrapper_hw_platform_0/ps7_init.tcl' is done.
18:14:05 INFO  : Context for 'APU' is selected.
18:14:09 INFO  : Hardware design information is loaded from 'C:/Users/josen/Documents/GitHub/Pcam_to_SD_Memory/cam_to_sd/cam_to_sd.sdk/system_wrapper_hw_platform_0/system.hdf'.
18:14:09 INFO  : 'configparams force-mem-access 1' command is executed.
18:14:09 INFO  : Context for 'APU' is selected.
18:14:10 INFO  : 'stop' command is executed.
18:14:10 INFO  : 'ps7_init' command is executed.
18:14:10 INFO  : 'ps7_post_config' command is executed.
18:14:10 INFO  : Context for processor 'ps7_cortexa9_0' is selected.
18:14:10 INFO  : Processor reset is completed for 'ps7_cortexa9_0'.
18:14:10 INFO  : Context for processor 'ps7_cortexa9_0' is selected.
18:14:12 INFO  : The application 'C:/Users/josen/Documents/GitHub/Pcam_to_SD_Memory/cam_to_sd/cam_to_sd.sdk/capturer/Debug/capturer.elf' is downloaded to processor 'ps7_cortexa9_0'.
18:14:12 INFO  : 'configparams force-mem-access 0' command is executed.
18:14:12 INFO  : ----------------XSDB Script----------------
connect -url tcp:127.0.0.1:3121
source C:/Users/josen/Documents/GitHub/Pcam_to_SD_Memory/cam_to_sd/cam_to_sd.sdk/system_wrapper_hw_platform_0/ps7_init.tcl
targets -set -nocase -filter {name =~"APU*" && jtag_cable_name =~ "Digilent Zybo Z7 210351A82458A"} -index 0
loadhw -hw C:/Users/josen/Documents/GitHub/Pcam_to_SD_Memory/cam_to_sd/cam_to_sd.sdk/system_wrapper_hw_platform_0/system.hdf -mem-ranges [list {0x40000000 0xbfffffff}]
configparams force-mem-access 1
targets -set -nocase -filter {name =~"APU*" && jtag_cable_name =~ "Digilent Zybo Z7 210351A82458A"} -index 0
stop
ps7_init
ps7_post_config
targets -set -nocase -filter {name =~ "ARM*#0" && jtag_cable_name =~ "Digilent Zybo Z7 210351A82458A"} -index 0
rst -processor
targets -set -nocase -filter {name =~ "ARM*#0" && jtag_cable_name =~ "Digilent Zybo Z7 210351A82458A"} -index 0
dow C:/Users/josen/Documents/GitHub/Pcam_to_SD_Memory/cam_to_sd/cam_to_sd.sdk/capturer/Debug/capturer.elf
configparams force-mem-access 0
----------------End of Script----------------

18:14:12 INFO  : Memory regions updated for context APU
18:14:12 INFO  : Context for processor 'ps7_cortexa9_0' is selected.
18:14:12 INFO  : 'con' command is executed.
18:14:12 INFO  : ----------------XSDB Script (After Launch)----------------
targets -set -nocase -filter {name =~ "ARM*#0" && jtag_cable_name =~ "Digilent Zybo Z7 210351A82458A"} -index 0
con
----------------End of Script----------------

18:14:12 INFO  : Launch script is exported to file 'C:\Users\josen\Documents\GitHub\Pcam_to_SD_Memory\cam_to_sd\cam_to_sd.sdk\.sdk\launch_scripts\xilinx_c-c++_application_(system_debugger)\system_debugger_using_debug_capturer.elf_on_local.tcl'
18:28:14 INFO  : Connected to target on host '127.0.0.1' and port '3121'.
18:28:16 INFO  : 'targets -set -filter {jtag_cable_name =~ "Digilent Zybo Z7 210351A82458A" && level==0} -index 1' command is executed.
18:28:18 INFO  : FPGA configured successfully with bitstream "C:/Users/josen/Documents/GitHub/Pcam_to_SD_Memory/cam_to_sd/cam_to_sd.sdk/system_wrapper_hw_platform_0/system_wrapper.bit"
18:28:32 INFO  : Disconnected from the channel tcfchan#5.
18:28:34 INFO  : 'targets -set -filter {jtag_cable_name =~ "Digilent Zybo Z7 210351A82458A" && level==0} -index 1' command is executed.
18:28:34 INFO  : 'fpga -state' command is executed.
18:28:34 INFO  : Connected to target on host '127.0.0.1' and port '3121'.
18:28:34 INFO  : Jtag cable 'Digilent Zybo Z7 210351A82458A' is selected.
18:28:34 INFO  : 'jtag frequency' command is executed.
18:28:34 INFO  : Sourcing of 'C:/Users/josen/Documents/GitHub/Pcam_to_SD_Memory/cam_to_sd/cam_to_sd.sdk/system_wrapper_hw_platform_0/ps7_init.tcl' is done.
18:28:34 INFO  : Context for 'APU' is selected.
18:28:40 INFO  : Hardware design information is loaded from 'C:/Users/josen/Documents/GitHub/Pcam_to_SD_Memory/cam_to_sd/cam_to_sd.sdk/system_wrapper_hw_platform_0/system.hdf'.
18:28:40 INFO  : 'configparams force-mem-access 1' command is executed.
18:28:40 INFO  : Context for 'APU' is selected.
18:28:40 INFO  : 'stop' command is executed.
18:28:40 INFO  : 'ps7_init' command is executed.
18:28:40 INFO  : 'ps7_post_config' command is executed.
18:28:40 INFO  : Context for processor 'ps7_cortexa9_0' is selected.
18:28:41 INFO  : Processor reset is completed for 'ps7_cortexa9_0'.
18:28:41 INFO  : Context for processor 'ps7_cortexa9_0' is selected.
18:28:43 INFO  : The application 'C:/Users/josen/Documents/GitHub/Pcam_to_SD_Memory/cam_to_sd/cam_to_sd.sdk/capturer/Debug/capturer.elf' is downloaded to processor 'ps7_cortexa9_0'.
18:28:43 INFO  : 'configparams force-mem-access 0' command is executed.
18:28:43 INFO  : ----------------XSDB Script----------------
connect -url tcp:127.0.0.1:3121
source C:/Users/josen/Documents/GitHub/Pcam_to_SD_Memory/cam_to_sd/cam_to_sd.sdk/system_wrapper_hw_platform_0/ps7_init.tcl
targets -set -nocase -filter {name =~"APU*" && jtag_cable_name =~ "Digilent Zybo Z7 210351A82458A"} -index 0
loadhw -hw C:/Users/josen/Documents/GitHub/Pcam_to_SD_Memory/cam_to_sd/cam_to_sd.sdk/system_wrapper_hw_platform_0/system.hdf -mem-ranges [list {0x40000000 0xbfffffff}]
configparams force-mem-access 1
targets -set -nocase -filter {name =~"APU*" && jtag_cable_name =~ "Digilent Zybo Z7 210351A82458A"} -index 0
stop
ps7_init
ps7_post_config
targets -set -nocase -filter {name =~ "ARM*#0" && jtag_cable_name =~ "Digilent Zybo Z7 210351A82458A"} -index 0
rst -processor
targets -set -nocase -filter {name =~ "ARM*#0" && jtag_cable_name =~ "Digilent Zybo Z7 210351A82458A"} -index 0
dow C:/Users/josen/Documents/GitHub/Pcam_to_SD_Memory/cam_to_sd/cam_to_sd.sdk/capturer/Debug/capturer.elf
configparams force-mem-access 0
----------------End of Script----------------

18:28:43 INFO  : Memory regions updated for context APU
18:28:43 INFO  : Context for processor 'ps7_cortexa9_0' is selected.
18:28:43 INFO  : 'con' command is executed.
18:28:43 INFO  : ----------------XSDB Script (After Launch)----------------
targets -set -nocase -filter {name =~ "ARM*#0" && jtag_cable_name =~ "Digilent Zybo Z7 210351A82458A"} -index 0
con
----------------End of Script----------------

18:28:43 INFO  : Launch script is exported to file 'C:\Users\josen\Documents\GitHub\Pcam_to_SD_Memory\cam_to_sd\cam_to_sd.sdk\.sdk\launch_scripts\xilinx_c-c++_application_(system_debugger)\system_debugger_using_debug_capturer.elf_on_local.tcl'
19:08:07 INFO  : Connected to target on host '127.0.0.1' and port '3121'.
19:08:07 INFO  : 'targets -set -filter {jtag_cable_name =~ "Digilent Zybo Z7 210351A82458A" && level==0} -index 1' command is executed.
19:08:12 INFO  : FPGA configured successfully with bitstream "C:/Users/josen/Documents/GitHub/Pcam_to_SD_Memory/cam_to_sd/cam_to_sd.sdk/system_wrapper_hw_platform_0/system_wrapper.bit"
19:08:21 INFO  : Disconnected from the channel tcfchan#6.
19:08:23 INFO  : 'targets -set -filter {jtag_cable_name =~ "Digilent Zybo Z7 210351A82458A" && level==0} -index 1' command is executed.
19:08:23 INFO  : 'fpga -state' command is executed.
19:08:23 INFO  : Connected to target on host '127.0.0.1' and port '3121'.
19:08:24 INFO  : Jtag cable 'Digilent Zybo Z7 210351A82458A' is selected.
19:08:24 INFO  : 'jtag frequency' command is executed.
19:08:24 INFO  : Sourcing of 'C:/Users/josen/Documents/GitHub/Pcam_to_SD_Memory/cam_to_sd/cam_to_sd.sdk/system_wrapper_hw_platform_0/ps7_init.tcl' is done.
19:08:24 INFO  : Context for 'APU' is selected.
19:08:31 INFO  : Hardware design information is loaded from 'C:/Users/josen/Documents/GitHub/Pcam_to_SD_Memory/cam_to_sd/cam_to_sd.sdk/system_wrapper_hw_platform_0/system.hdf'.
19:08:31 INFO  : 'configparams force-mem-access 1' command is executed.
19:08:31 INFO  : Context for 'APU' is selected.
19:08:31 INFO  : 'stop' command is executed.
19:08:32 INFO  : 'ps7_init' command is executed.
19:08:32 INFO  : 'ps7_post_config' command is executed.
19:08:32 INFO  : Context for processor 'ps7_cortexa9_0' is selected.
19:08:32 INFO  : Processor reset is completed for 'ps7_cortexa9_0'.
19:08:32 INFO  : Context for processor 'ps7_cortexa9_0' is selected.
19:08:35 INFO  : The application 'C:/Users/josen/Documents/GitHub/Pcam_to_SD_Memory/cam_to_sd/cam_to_sd.sdk/capturer/Debug/capturer.elf' is downloaded to processor 'ps7_cortexa9_0'.
19:08:35 INFO  : 'configparams force-mem-access 0' command is executed.
19:08:35 INFO  : ----------------XSDB Script----------------
connect -url tcp:127.0.0.1:3121
source C:/Users/josen/Documents/GitHub/Pcam_to_SD_Memory/cam_to_sd/cam_to_sd.sdk/system_wrapper_hw_platform_0/ps7_init.tcl
targets -set -nocase -filter {name =~"APU*" && jtag_cable_name =~ "Digilent Zybo Z7 210351A82458A"} -index 0
loadhw -hw C:/Users/josen/Documents/GitHub/Pcam_to_SD_Memory/cam_to_sd/cam_to_sd.sdk/system_wrapper_hw_platform_0/system.hdf -mem-ranges [list {0x40000000 0xbfffffff}]
configparams force-mem-access 1
targets -set -nocase -filter {name =~"APU*" && jtag_cable_name =~ "Digilent Zybo Z7 210351A82458A"} -index 0
stop
ps7_init
ps7_post_config
targets -set -nocase -filter {name =~ "ARM*#0" && jtag_cable_name =~ "Digilent Zybo Z7 210351A82458A"} -index 0
rst -processor
targets -set -nocase -filter {name =~ "ARM*#0" && jtag_cable_name =~ "Digilent Zybo Z7 210351A82458A"} -index 0
dow C:/Users/josen/Documents/GitHub/Pcam_to_SD_Memory/cam_to_sd/cam_to_sd.sdk/capturer/Debug/capturer.elf
configparams force-mem-access 0
----------------End of Script----------------

19:08:35 INFO  : Memory regions updated for context APU
19:08:36 INFO  : Context for processor 'ps7_cortexa9_0' is selected.
19:08:36 INFO  : 'con' command is executed.
19:08:36 INFO  : ----------------XSDB Script (After Launch)----------------
targets -set -nocase -filter {name =~ "ARM*#0" && jtag_cable_name =~ "Digilent Zybo Z7 210351A82458A"} -index 0
con
----------------End of Script----------------

19:08:36 INFO  : Launch script is exported to file 'C:\Users\josen\Documents\GitHub\Pcam_to_SD_Memory\cam_to_sd\cam_to_sd.sdk\.sdk\launch_scripts\xilinx_c-c++_application_(system_debugger)\system_debugger_using_debug_capturer.elf_on_local.tcl'
19:55:21 INFO  : Launching XSCT server: xsct.bat -interactive C:\Users\josen\Documents\GitHub\Pcam_to_SD_Memory\cam_to_sd\cam_to_sd.sdk\temp_xsdb_launch_script.tcl
11:35:32 INFO  : Registering command handlers for SDK TCF services
11:35:33 INFO  : Launching XSCT server: xsct.bat -interactive C:\Users\josen\Documents\GitHub\Pcam_to_SD_Memory\cam_to_sd\cam_to_sd.sdk\temp_xsdb_launch_script.tcl
11:35:36 INFO  : XSCT server has started successfully.
11:35:36 INFO  : Successfully done setting XSCT server connection channel  
11:35:38 INFO  : Processing command line option -hwspec C:/Users/josen/Documents/GitHub/Pcam_to_SD_Memory/cam_to_sd/cam_to_sd.sdk/system_wrapper.hdf.
11:35:38 INFO  : Successfully done setting SDK workspace  
11:35:38 INFO  : Checking for hwspec changes in the project system_wrapper_hw_platform_0.
12:25:31 INFO  : Connected to target on host '127.0.0.1' and port '3121'.
12:25:33 INFO  : 'targets -set -filter {jtag_cable_name =~ "Digilent Zybo Z7 210351A82458A" && level==0} -index 1' command is executed.
12:25:36 INFO  : FPGA configured successfully with bitstream "C:/Users/josen/Documents/GitHub/Pcam_to_SD_Memory/cam_to_sd/cam_to_sd.sdk/system_wrapper_hw_platform_0/system_wrapper.bit"
12:25:42 INFO  : 'targets -set -filter {jtag_cable_name =~ "Digilent Zybo Z7 210351A82458A" && level==0} -index 1' command is executed.
12:25:42 INFO  : 'fpga -state' command is executed.
12:25:42 INFO  : Connected to target on host '127.0.0.1' and port '3121'.
12:25:42 INFO  : Jtag cable 'Digilent Zybo Z7 210351A82458A' is selected.
12:25:42 INFO  : 'jtag frequency' command is executed.
12:25:43 INFO  : Sourcing of 'C:/Users/josen/Documents/GitHub/Pcam_to_SD_Memory/cam_to_sd/cam_to_sd.sdk/system_wrapper_hw_platform_0/ps7_init.tcl' is done.
12:25:43 INFO  : Context for 'APU' is selected.
12:25:43 INFO  : Hardware design information is loaded from 'C:/Users/josen/Documents/GitHub/Pcam_to_SD_Memory/cam_to_sd/cam_to_sd.sdk/system_wrapper_hw_platform_0/system.hdf'.
12:25:43 INFO  : 'configparams force-mem-access 1' command is executed.
12:25:43 INFO  : Context for 'APU' is selected.
12:25:43 INFO  : 'stop' command is executed.
12:25:43 INFO  : 'ps7_init' command is executed.
12:25:43 INFO  : 'ps7_post_config' command is executed.
12:25:43 INFO  : Context for processor 'ps7_cortexa9_0' is selected.
12:25:43 INFO  : Processor reset is completed for 'ps7_cortexa9_0'.
12:25:43 INFO  : Context for processor 'ps7_cortexa9_0' is selected.
12:25:45 INFO  : The application 'C:/Users/josen/Documents/GitHub/Pcam_to_SD_Memory/cam_to_sd/cam_to_sd.sdk/capturer/Debug/capturer.elf' is downloaded to processor 'ps7_cortexa9_0'.
12:25:45 INFO  : 'configparams force-mem-access 0' command is executed.
12:25:45 INFO  : ----------------XSDB Script----------------
connect -url tcp:127.0.0.1:3121
source C:/Users/josen/Documents/GitHub/Pcam_to_SD_Memory/cam_to_sd/cam_to_sd.sdk/system_wrapper_hw_platform_0/ps7_init.tcl
targets -set -nocase -filter {name =~"APU*" && jtag_cable_name =~ "Digilent Zybo Z7 210351A82458A"} -index 0
loadhw -hw C:/Users/josen/Documents/GitHub/Pcam_to_SD_Memory/cam_to_sd/cam_to_sd.sdk/system_wrapper_hw_platform_0/system.hdf -mem-ranges [list {0x40000000 0xbfffffff}]
configparams force-mem-access 1
targets -set -nocase -filter {name =~"APU*" && jtag_cable_name =~ "Digilent Zybo Z7 210351A82458A"} -index 0
stop
ps7_init
ps7_post_config
targets -set -nocase -filter {name =~ "ARM*#0" && jtag_cable_name =~ "Digilent Zybo Z7 210351A82458A"} -index 0
rst -processor
targets -set -nocase -filter {name =~ "ARM*#0" && jtag_cable_name =~ "Digilent Zybo Z7 210351A82458A"} -index 0
dow C:/Users/josen/Documents/GitHub/Pcam_to_SD_Memory/cam_to_sd/cam_to_sd.sdk/capturer/Debug/capturer.elf
configparams force-mem-access 0
----------------End of Script----------------

12:25:45 INFO  : Memory regions updated for context APU
12:25:45 INFO  : Context for processor 'ps7_cortexa9_0' is selected.
12:25:45 INFO  : 'con' command is executed.
12:25:45 INFO  : ----------------XSDB Script (After Launch)----------------
targets -set -nocase -filter {name =~ "ARM*#0" && jtag_cable_name =~ "Digilent Zybo Z7 210351A82458A"} -index 0
con
----------------End of Script----------------

12:25:45 INFO  : Launch script is exported to file 'C:\Users\josen\Documents\GitHub\Pcam_to_SD_Memory\cam_to_sd\cam_to_sd.sdk\.sdk\launch_scripts\xilinx_c-c++_application_(system_debugger)\system_debugger_using_debug_capturer.elf_on_local.tcl'
12:32:24 INFO  : Connected to target on host '127.0.0.1' and port '3121'.
12:32:24 INFO  : 'targets -set -filter {jtag_cable_name =~ "Digilent Zybo Z7 210351A82458A" && level==0} -index 1' command is executed.
12:32:27 INFO  : FPGA configured successfully with bitstream "C:/Users/josen/Documents/GitHub/Pcam_to_SD_Memory/cam_to_sd/cam_to_sd.sdk/system_wrapper_hw_platform_0/system_wrapper.bit"
12:32:33 INFO  : Disconnected from the channel tcfchan#1.
12:32:35 INFO  : 'targets -set -filter {jtag_cable_name =~ "Digilent Zybo Z7 210351A82458A" && level==0} -index 1' command is executed.
12:32:35 INFO  : 'fpga -state' command is executed.
12:32:35 INFO  : Connected to target on host '127.0.0.1' and port '3121'.
12:32:35 INFO  : Jtag cable 'Digilent Zybo Z7 210351A82458A' is selected.
12:32:35 INFO  : 'jtag frequency' command is executed.
12:32:35 INFO  : Sourcing of 'C:/Users/josen/Documents/GitHub/Pcam_to_SD_Memory/cam_to_sd/cam_to_sd.sdk/system_wrapper_hw_platform_0/ps7_init.tcl' is done.
12:32:35 INFO  : Context for 'APU' is selected.
12:32:37 INFO  : Hardware design information is loaded from 'C:/Users/josen/Documents/GitHub/Pcam_to_SD_Memory/cam_to_sd/cam_to_sd.sdk/system_wrapper_hw_platform_0/system.hdf'.
12:32:37 INFO  : 'configparams force-mem-access 1' command is executed.
12:32:37 INFO  : Context for 'APU' is selected.
12:32:37 INFO  : 'stop' command is executed.
12:32:37 INFO  : 'ps7_init' command is executed.
12:32:37 INFO  : 'ps7_post_config' command is executed.
12:32:37 INFO  : Context for processor 'ps7_cortexa9_0' is selected.
12:32:37 INFO  : Processor reset is completed for 'ps7_cortexa9_0'.
12:32:37 INFO  : Context for processor 'ps7_cortexa9_0' is selected.
12:32:39 INFO  : The application 'C:/Users/josen/Documents/GitHub/Pcam_to_SD_Memory/cam_to_sd/cam_to_sd.sdk/capturer/Debug/capturer.elf' is downloaded to processor 'ps7_cortexa9_0'.
12:32:39 INFO  : 'configparams force-mem-access 0' command is executed.
12:32:39 INFO  : ----------------XSDB Script----------------
connect -url tcp:127.0.0.1:3121
source C:/Users/josen/Documents/GitHub/Pcam_to_SD_Memory/cam_to_sd/cam_to_sd.sdk/system_wrapper_hw_platform_0/ps7_init.tcl
targets -set -nocase -filter {name =~"APU*" && jtag_cable_name =~ "Digilent Zybo Z7 210351A82458A"} -index 0
loadhw -hw C:/Users/josen/Documents/GitHub/Pcam_to_SD_Memory/cam_to_sd/cam_to_sd.sdk/system_wrapper_hw_platform_0/system.hdf -mem-ranges [list {0x40000000 0xbfffffff}]
configparams force-mem-access 1
targets -set -nocase -filter {name =~"APU*" && jtag_cable_name =~ "Digilent Zybo Z7 210351A82458A"} -index 0
stop
ps7_init
ps7_post_config
targets -set -nocase -filter {name =~ "ARM*#0" && jtag_cable_name =~ "Digilent Zybo Z7 210351A82458A"} -index 0
rst -processor
targets -set -nocase -filter {name =~ "ARM*#0" && jtag_cable_name =~ "Digilent Zybo Z7 210351A82458A"} -index 0
dow C:/Users/josen/Documents/GitHub/Pcam_to_SD_Memory/cam_to_sd/cam_to_sd.sdk/capturer/Debug/capturer.elf
configparams force-mem-access 0
----------------End of Script----------------

12:32:39 INFO  : Memory regions updated for context APU
12:32:39 INFO  : Context for processor 'ps7_cortexa9_0' is selected.
12:32:39 INFO  : 'con' command is executed.
12:32:39 INFO  : ----------------XSDB Script (After Launch)----------------
targets -set -nocase -filter {name =~ "ARM*#0" && jtag_cable_name =~ "Digilent Zybo Z7 210351A82458A"} -index 0
con
----------------End of Script----------------

12:32:39 INFO  : Launch script is exported to file 'C:\Users\josen\Documents\GitHub\Pcam_to_SD_Memory\cam_to_sd\cam_to_sd.sdk\.sdk\launch_scripts\xilinx_c-c++_application_(system_debugger)\system_debugger_using_debug_capturer.elf_on_local.tcl'
12:33:25 INFO  : Connected to target on host '127.0.0.1' and port '3121'.
12:33:25 INFO  : 'targets -set -filter {jtag_cable_name =~ "Digilent Zybo Z7 210351A82458A" && level==0} -index 1' command is executed.
12:33:27 INFO  : FPGA configured successfully with bitstream "C:/Users/josen/Documents/GitHub/Pcam_to_SD_Memory/cam_to_sd/cam_to_sd.sdk/system_wrapper_hw_platform_0/system_wrapper.bit"
12:33:31 INFO  : Disconnected from the channel tcfchan#2.
12:33:32 INFO  : 'targets -set -filter {jtag_cable_name =~ "Digilent Zybo Z7 210351A82458A" && level==0} -index 1' command is executed.
12:33:32 INFO  : 'fpga -state' command is executed.
12:33:32 INFO  : Connected to target on host '127.0.0.1' and port '3121'.
12:33:32 INFO  : Jtag cable 'Digilent Zybo Z7 210351A82458A' is selected.
12:33:32 INFO  : 'jtag frequency' command is executed.
12:33:32 INFO  : Sourcing of 'C:/Users/josen/Documents/GitHub/Pcam_to_SD_Memory/cam_to_sd/cam_to_sd.sdk/system_wrapper_hw_platform_0/ps7_init.tcl' is done.
12:33:32 INFO  : Context for 'APU' is selected.
12:33:34 INFO  : Hardware design information is loaded from 'C:/Users/josen/Documents/GitHub/Pcam_to_SD_Memory/cam_to_sd/cam_to_sd.sdk/system_wrapper_hw_platform_0/system.hdf'.
12:33:34 INFO  : 'configparams force-mem-access 1' command is executed.
12:33:34 INFO  : Context for 'APU' is selected.
12:33:34 INFO  : 'stop' command is executed.
12:33:35 INFO  : 'ps7_init' command is executed.
12:33:35 INFO  : 'ps7_post_config' command is executed.
12:33:35 INFO  : Context for processor 'ps7_cortexa9_0' is selected.
12:33:35 INFO  : Processor reset is completed for 'ps7_cortexa9_0'.
12:33:35 INFO  : Context for processor 'ps7_cortexa9_0' is selected.
12:33:37 INFO  : The application 'C:/Users/josen/Documents/GitHub/Pcam_to_SD_Memory/cam_to_sd/cam_to_sd.sdk/capturer/Debug/capturer.elf' is downloaded to processor 'ps7_cortexa9_0'.
12:33:37 INFO  : 'configparams force-mem-access 0' command is executed.
12:33:37 INFO  : ----------------XSDB Script----------------
connect -url tcp:127.0.0.1:3121
source C:/Users/josen/Documents/GitHub/Pcam_to_SD_Memory/cam_to_sd/cam_to_sd.sdk/system_wrapper_hw_platform_0/ps7_init.tcl
targets -set -nocase -filter {name =~"APU*" && jtag_cable_name =~ "Digilent Zybo Z7 210351A82458A"} -index 0
loadhw -hw C:/Users/josen/Documents/GitHub/Pcam_to_SD_Memory/cam_to_sd/cam_to_sd.sdk/system_wrapper_hw_platform_0/system.hdf -mem-ranges [list {0x40000000 0xbfffffff}]
configparams force-mem-access 1
targets -set -nocase -filter {name =~"APU*" && jtag_cable_name =~ "Digilent Zybo Z7 210351A82458A"} -index 0
stop
ps7_init
ps7_post_config
targets -set -nocase -filter {name =~ "ARM*#0" && jtag_cable_name =~ "Digilent Zybo Z7 210351A82458A"} -index 0
rst -processor
targets -set -nocase -filter {name =~ "ARM*#0" && jtag_cable_name =~ "Digilent Zybo Z7 210351A82458A"} -index 0
dow C:/Users/josen/Documents/GitHub/Pcam_to_SD_Memory/cam_to_sd/cam_to_sd.sdk/capturer/Debug/capturer.elf
configparams force-mem-access 0
----------------End of Script----------------

12:33:37 INFO  : Memory regions updated for context APU
12:33:37 INFO  : Context for processor 'ps7_cortexa9_0' is selected.
12:33:37 INFO  : 'con' command is executed.
12:33:37 INFO  : ----------------XSDB Script (After Launch)----------------
targets -set -nocase -filter {name =~ "ARM*#0" && jtag_cable_name =~ "Digilent Zybo Z7 210351A82458A"} -index 0
con
----------------End of Script----------------

12:33:37 INFO  : Launch script is exported to file 'C:\Users\josen\Documents\GitHub\Pcam_to_SD_Memory\cam_to_sd\cam_to_sd.sdk\.sdk\launch_scripts\xilinx_c-c++_application_(system_debugger)\system_debugger_using_debug_capturer.elf_on_local.tcl'
16:18:24 INFO  : Connected to target on host '127.0.0.1' and port '3121'.
16:18:25 INFO  : 'targets -set -filter {jtag_cable_name =~ "Digilent Zybo Z7 210351A82458A" && level==0} -index 1' command is executed.
16:18:27 INFO  : FPGA configured successfully with bitstream "C:/Users/josen/Documents/GitHub/Pcam_to_SD_Memory/cam_to_sd/cam_to_sd.sdk/system_wrapper_hw_platform_0/system_wrapper.bit"
16:18:36 INFO  : Disconnected from the channel tcfchan#3.
16:18:37 INFO  : 'targets -set -filter {jtag_cable_name =~ "Digilent Zybo Z7 210351A82458A" && level==0} -index 1' command is executed.
16:18:37 INFO  : 'fpga -state' command is executed.
16:18:37 INFO  : Connected to target on host '127.0.0.1' and port '3121'.
16:18:37 INFO  : Jtag cable 'Digilent Zybo Z7 210351A82458A' is selected.
16:18:37 INFO  : 'jtag frequency' command is executed.
16:18:37 INFO  : Sourcing of 'C:/Users/josen/Documents/GitHub/Pcam_to_SD_Memory/cam_to_sd/cam_to_sd.sdk/system_wrapper_hw_platform_0/ps7_init.tcl' is done.
16:18:37 INFO  : Context for 'APU' is selected.
16:18:41 INFO  : Hardware design information is loaded from 'C:/Users/josen/Documents/GitHub/Pcam_to_SD_Memory/cam_to_sd/cam_to_sd.sdk/system_wrapper_hw_platform_0/system.hdf'.
16:18:41 INFO  : 'configparams force-mem-access 1' command is executed.
16:18:41 INFO  : Context for 'APU' is selected.
16:18:41 INFO  : 'stop' command is executed.
16:18:42 INFO  : 'ps7_init' command is executed.
16:18:42 INFO  : 'ps7_post_config' command is executed.
16:18:42 INFO  : Context for processor 'ps7_cortexa9_0' is selected.
16:18:42 INFO  : Processor reset is completed for 'ps7_cortexa9_0'.
16:18:42 INFO  : Context for processor 'ps7_cortexa9_0' is selected.
16:18:43 INFO  : The application 'C:/Users/josen/Documents/GitHub/Pcam_to_SD_Memory/cam_to_sd/cam_to_sd.sdk/capturer/Debug/capturer.elf' is downloaded to processor 'ps7_cortexa9_0'.
16:18:43 INFO  : 'configparams force-mem-access 0' command is executed.
16:18:43 INFO  : ----------------XSDB Script----------------
connect -url tcp:127.0.0.1:3121
source C:/Users/josen/Documents/GitHub/Pcam_to_SD_Memory/cam_to_sd/cam_to_sd.sdk/system_wrapper_hw_platform_0/ps7_init.tcl
targets -set -nocase -filter {name =~"APU*" && jtag_cable_name =~ "Digilent Zybo Z7 210351A82458A"} -index 0
loadhw -hw C:/Users/josen/Documents/GitHub/Pcam_to_SD_Memory/cam_to_sd/cam_to_sd.sdk/system_wrapper_hw_platform_0/system.hdf -mem-ranges [list {0x40000000 0xbfffffff}]
configparams force-mem-access 1
targets -set -nocase -filter {name =~"APU*" && jtag_cable_name =~ "Digilent Zybo Z7 210351A82458A"} -index 0
stop
ps7_init
ps7_post_config
targets -set -nocase -filter {name =~ "ARM*#0" && jtag_cable_name =~ "Digilent Zybo Z7 210351A82458A"} -index 0
rst -processor
targets -set -nocase -filter {name =~ "ARM*#0" && jtag_cable_name =~ "Digilent Zybo Z7 210351A82458A"} -index 0
dow C:/Users/josen/Documents/GitHub/Pcam_to_SD_Memory/cam_to_sd/cam_to_sd.sdk/capturer/Debug/capturer.elf
configparams force-mem-access 0
----------------End of Script----------------

16:18:43 INFO  : Memory regions updated for context APU
16:18:44 INFO  : Context for processor 'ps7_cortexa9_0' is selected.
16:18:44 INFO  : 'con' command is executed.
16:18:44 INFO  : ----------------XSDB Script (After Launch)----------------
targets -set -nocase -filter {name =~ "ARM*#0" && jtag_cable_name =~ "Digilent Zybo Z7 210351A82458A"} -index 0
con
----------------End of Script----------------

16:18:44 INFO  : Launch script is exported to file 'C:\Users\josen\Documents\GitHub\Pcam_to_SD_Memory\cam_to_sd\cam_to_sd.sdk\.sdk\launch_scripts\xilinx_c-c++_application_(system_debugger)\system_debugger_using_debug_capturer.elf_on_local.tcl'
16:22:08 INFO  : Connected to target on host '127.0.0.1' and port '3121'.
16:22:09 INFO  : 'targets -set -filter {jtag_cable_name =~ "Digilent Zybo Z7 210351A82458A" && level==0} -index 1' command is executed.
16:22:12 INFO  : FPGA configured successfully with bitstream "C:/Users/josen/Documents/GitHub/Pcam_to_SD_Memory/cam_to_sd/cam_to_sd.sdk/system_wrapper_hw_platform_0/system_wrapper.bit"
16:25:02 INFO  : Disconnected from the channel tcfchan#4.
16:25:03 INFO  : 'targets -set -filter {jtag_cable_name =~ "Digilent Zybo Z7 210351A82458A" && level==0} -index 1' command is executed.
16:25:03 INFO  : 'fpga -state' command is executed.
16:25:03 INFO  : Connected to target on host '127.0.0.1' and port '3121'.
16:25:04 INFO  : Jtag cable 'Digilent Zybo Z7 210351A82458A' is selected.
16:25:04 INFO  : 'jtag frequency' command is executed.
16:25:04 INFO  : Sourcing of 'C:/Users/josen/Documents/GitHub/Pcam_to_SD_Memory/cam_to_sd/cam_to_sd.sdk/system_wrapper_hw_platform_0/ps7_init.tcl' is done.
16:25:04 INFO  : Context for 'APU' is selected.
16:25:07 INFO  : Hardware design information is loaded from 'C:/Users/josen/Documents/GitHub/Pcam_to_SD_Memory/cam_to_sd/cam_to_sd.sdk/system_wrapper_hw_platform_0/system.hdf'.
16:25:07 INFO  : 'configparams force-mem-access 1' command is executed.
16:25:07 INFO  : Context for 'APU' is selected.
16:25:07 INFO  : 'stop' command is executed.
16:25:08 INFO  : 'ps7_init' command is executed.
16:25:08 INFO  : 'ps7_post_config' command is executed.
16:25:08 INFO  : Context for processor 'ps7_cortexa9_0' is selected.
16:25:08 INFO  : Processor reset is completed for 'ps7_cortexa9_0'.
16:25:08 INFO  : Context for processor 'ps7_cortexa9_0' is selected.
16:25:10 INFO  : The application 'C:/Users/josen/Documents/GitHub/Pcam_to_SD_Memory/cam_to_sd/cam_to_sd.sdk/capturer/Debug/capturer.elf' is downloaded to processor 'ps7_cortexa9_0'.
16:25:10 INFO  : 'configparams force-mem-access 0' command is executed.
16:25:10 INFO  : ----------------XSDB Script----------------
connect -url tcp:127.0.0.1:3121
source C:/Users/josen/Documents/GitHub/Pcam_to_SD_Memory/cam_to_sd/cam_to_sd.sdk/system_wrapper_hw_platform_0/ps7_init.tcl
targets -set -nocase -filter {name =~"APU*" && jtag_cable_name =~ "Digilent Zybo Z7 210351A82458A"} -index 0
loadhw -hw C:/Users/josen/Documents/GitHub/Pcam_to_SD_Memory/cam_to_sd/cam_to_sd.sdk/system_wrapper_hw_platform_0/system.hdf -mem-ranges [list {0x40000000 0xbfffffff}]
configparams force-mem-access 1
targets -set -nocase -filter {name =~"APU*" && jtag_cable_name =~ "Digilent Zybo Z7 210351A82458A"} -index 0
stop
ps7_init
ps7_post_config
targets -set -nocase -filter {name =~ "ARM*#0" && jtag_cable_name =~ "Digilent Zybo Z7 210351A82458A"} -index 0
rst -processor
targets -set -nocase -filter {name =~ "ARM*#0" && jtag_cable_name =~ "Digilent Zybo Z7 210351A82458A"} -index 0
dow C:/Users/josen/Documents/GitHub/Pcam_to_SD_Memory/cam_to_sd/cam_to_sd.sdk/capturer/Debug/capturer.elf
configparams force-mem-access 0
----------------End of Script----------------

16:25:10 INFO  : Memory regions updated for context APU
16:25:10 INFO  : Context for processor 'ps7_cortexa9_0' is selected.
16:25:10 INFO  : 'con' command is executed.
16:25:10 INFO  : ----------------XSDB Script (After Launch)----------------
targets -set -nocase -filter {name =~ "ARM*#0" && jtag_cable_name =~ "Digilent Zybo Z7 210351A82458A"} -index 0
con
----------------End of Script----------------

16:25:10 INFO  : Launch script is exported to file 'C:\Users\josen\Documents\GitHub\Pcam_to_SD_Memory\cam_to_sd\cam_to_sd.sdk\.sdk\launch_scripts\xilinx_c-c++_application_(system_debugger)\system_debugger_using_debug_capturer.elf_on_local.tcl'
16:28:02 INFO  : Connected to target on host '127.0.0.1' and port '3121'.
16:28:02 INFO  : 'targets -set -filter {jtag_cable_name =~ "Digilent Zybo Z7 210351A82458A" && level==0} -index 1' command is executed.
16:28:05 INFO  : FPGA configured successfully with bitstream "C:/Users/josen/Documents/GitHub/Pcam_to_SD_Memory/cam_to_sd/cam_to_sd.sdk/system_wrapper_hw_platform_0/system_wrapper.bit"
16:28:13 INFO  : Disconnected from the channel tcfchan#5.
16:28:14 INFO  : 'targets -set -filter {jtag_cable_name =~ "Digilent Zybo Z7 210351A82458A" && level==0} -index 1' command is executed.
16:28:14 INFO  : 'fpga -state' command is executed.
16:28:14 INFO  : Connected to target on host '127.0.0.1' and port '3121'.
16:28:15 INFO  : Jtag cable 'Digilent Zybo Z7 210351A82458A' is selected.
16:28:15 INFO  : 'jtag frequency' command is executed.
16:28:15 INFO  : Sourcing of 'C:/Users/josen/Documents/GitHub/Pcam_to_SD_Memory/cam_to_sd/cam_to_sd.sdk/system_wrapper_hw_platform_0/ps7_init.tcl' is done.
16:28:15 INFO  : Context for 'APU' is selected.
16:28:19 INFO  : Hardware design information is loaded from 'C:/Users/josen/Documents/GitHub/Pcam_to_SD_Memory/cam_to_sd/cam_to_sd.sdk/system_wrapper_hw_platform_0/system.hdf'.
16:28:19 INFO  : 'configparams force-mem-access 1' command is executed.
16:28:19 INFO  : Context for 'APU' is selected.
16:28:19 INFO  : 'stop' command is executed.
16:28:20 INFO  : 'ps7_init' command is executed.
16:28:20 INFO  : 'ps7_post_config' command is executed.
16:28:20 INFO  : Context for processor 'ps7_cortexa9_0' is selected.
16:28:20 INFO  : Processor reset is completed for 'ps7_cortexa9_0'.
16:28:20 INFO  : Context for processor 'ps7_cortexa9_0' is selected.
16:28:22 INFO  : The application 'C:/Users/josen/Documents/GitHub/Pcam_to_SD_Memory/cam_to_sd/cam_to_sd.sdk/capturer/Debug/capturer.elf' is downloaded to processor 'ps7_cortexa9_0'.
16:28:22 INFO  : 'configparams force-mem-access 0' command is executed.
16:28:22 INFO  : ----------------XSDB Script----------------
connect -url tcp:127.0.0.1:3121
source C:/Users/josen/Documents/GitHub/Pcam_to_SD_Memory/cam_to_sd/cam_to_sd.sdk/system_wrapper_hw_platform_0/ps7_init.tcl
targets -set -nocase -filter {name =~"APU*" && jtag_cable_name =~ "Digilent Zybo Z7 210351A82458A"} -index 0
loadhw -hw C:/Users/josen/Documents/GitHub/Pcam_to_SD_Memory/cam_to_sd/cam_to_sd.sdk/system_wrapper_hw_platform_0/system.hdf -mem-ranges [list {0x40000000 0xbfffffff}]
configparams force-mem-access 1
targets -set -nocase -filter {name =~"APU*" && jtag_cable_name =~ "Digilent Zybo Z7 210351A82458A"} -index 0
stop
ps7_init
ps7_post_config
targets -set -nocase -filter {name =~ "ARM*#0" && jtag_cable_name =~ "Digilent Zybo Z7 210351A82458A"} -index 0
rst -processor
targets -set -nocase -filter {name =~ "ARM*#0" && jtag_cable_name =~ "Digilent Zybo Z7 210351A82458A"} -index 0
dow C:/Users/josen/Documents/GitHub/Pcam_to_SD_Memory/cam_to_sd/cam_to_sd.sdk/capturer/Debug/capturer.elf
configparams force-mem-access 0
----------------End of Script----------------

16:28:22 INFO  : Memory regions updated for context APU
16:28:22 INFO  : Context for processor 'ps7_cortexa9_0' is selected.
16:28:22 INFO  : 'con' command is executed.
16:28:22 INFO  : ----------------XSDB Script (After Launch)----------------
targets -set -nocase -filter {name =~ "ARM*#0" && jtag_cable_name =~ "Digilent Zybo Z7 210351A82458A"} -index 0
con
----------------End of Script----------------

16:28:22 INFO  : Launch script is exported to file 'C:\Users\josen\Documents\GitHub\Pcam_to_SD_Memory\cam_to_sd\cam_to_sd.sdk\.sdk\launch_scripts\xilinx_c-c++_application_(system_debugger)\system_debugger_using_debug_capturer.elf_on_local.tcl'
16:30:09 INFO  : Connected to target on host '127.0.0.1' and port '3121'.
16:30:10 INFO  : 'targets -set -filter {jtag_cable_name =~ "Digilent Zybo Z7 210351A82458A" && level==0} -index 1' command is executed.
16:30:13 INFO  : FPGA configured successfully with bitstream "C:/Users/josen/Documents/GitHub/Pcam_to_SD_Memory/cam_to_sd/cam_to_sd.sdk/system_wrapper_hw_platform_0/system_wrapper.bit"
16:30:21 INFO  : Disconnected from the channel tcfchan#6.
16:30:22 INFO  : 'targets -set -filter {jtag_cable_name =~ "Digilent Zybo Z7 210351A82458A" && level==0} -index 1' command is executed.
16:30:23 INFO  : 'fpga -state' command is executed.
16:30:23 INFO  : Connected to target on host '127.0.0.1' and port '3121'.
16:30:23 INFO  : Jtag cable 'Digilent Zybo Z7 210351A82458A' is selected.
16:30:23 INFO  : 'jtag frequency' command is executed.
16:30:23 INFO  : Sourcing of 'C:/Users/josen/Documents/GitHub/Pcam_to_SD_Memory/cam_to_sd/cam_to_sd.sdk/system_wrapper_hw_platform_0/ps7_init.tcl' is done.
16:30:23 INFO  : Context for 'APU' is selected.
16:30:29 INFO  : Hardware design information is loaded from 'C:/Users/josen/Documents/GitHub/Pcam_to_SD_Memory/cam_to_sd/cam_to_sd.sdk/system_wrapper_hw_platform_0/system.hdf'.
16:30:29 INFO  : 'configparams force-mem-access 1' command is executed.
16:30:29 INFO  : Context for 'APU' is selected.
16:30:29 INFO  : 'stop' command is executed.
16:30:29 INFO  : 'ps7_init' command is executed.
16:30:29 INFO  : 'ps7_post_config' command is executed.
16:30:29 INFO  : Context for processor 'ps7_cortexa9_0' is selected.
16:30:29 INFO  : Processor reset is completed for 'ps7_cortexa9_0'.
16:30:30 INFO  : Context for processor 'ps7_cortexa9_0' is selected.
16:30:32 INFO  : The application 'C:/Users/josen/Documents/GitHub/Pcam_to_SD_Memory/cam_to_sd/cam_to_sd.sdk/capturer/Debug/capturer.elf' is downloaded to processor 'ps7_cortexa9_0'.
16:30:32 INFO  : 'configparams force-mem-access 0' command is executed.
16:30:32 INFO  : ----------------XSDB Script----------------
connect -url tcp:127.0.0.1:3121
source C:/Users/josen/Documents/GitHub/Pcam_to_SD_Memory/cam_to_sd/cam_to_sd.sdk/system_wrapper_hw_platform_0/ps7_init.tcl
targets -set -nocase -filter {name =~"APU*" && jtag_cable_name =~ "Digilent Zybo Z7 210351A82458A"} -index 0
loadhw -hw C:/Users/josen/Documents/GitHub/Pcam_to_SD_Memory/cam_to_sd/cam_to_sd.sdk/system_wrapper_hw_platform_0/system.hdf -mem-ranges [list {0x40000000 0xbfffffff}]
configparams force-mem-access 1
targets -set -nocase -filter {name =~"APU*" && jtag_cable_name =~ "Digilent Zybo Z7 210351A82458A"} -index 0
stop
ps7_init
ps7_post_config
targets -set -nocase -filter {name =~ "ARM*#0" && jtag_cable_name =~ "Digilent Zybo Z7 210351A82458A"} -index 0
rst -processor
targets -set -nocase -filter {name =~ "ARM*#0" && jtag_cable_name =~ "Digilent Zybo Z7 210351A82458A"} -index 0
dow C:/Users/josen/Documents/GitHub/Pcam_to_SD_Memory/cam_to_sd/cam_to_sd.sdk/capturer/Debug/capturer.elf
configparams force-mem-access 0
----------------End of Script----------------

16:30:32 INFO  : Memory regions updated for context APU
16:30:32 INFO  : Context for processor 'ps7_cortexa9_0' is selected.
16:30:32 INFO  : 'con' command is executed.
16:30:32 INFO  : ----------------XSDB Script (After Launch)----------------
targets -set -nocase -filter {name =~ "ARM*#0" && jtag_cable_name =~ "Digilent Zybo Z7 210351A82458A"} -index 0
con
----------------End of Script----------------

16:30:32 INFO  : Launch script is exported to file 'C:\Users\josen\Documents\GitHub\Pcam_to_SD_Memory\cam_to_sd\cam_to_sd.sdk\.sdk\launch_scripts\xilinx_c-c++_application_(system_debugger)\system_debugger_using_debug_capturer.elf_on_local.tcl'
16:33:08 INFO  : Connected to target on host '127.0.0.1' and port '3121'.
16:33:10 INFO  : 'targets -set -filter {jtag_cable_name =~ "Digilent Zybo Z7 210351A82458A" && level==0} -index 1' command is executed.
16:33:12 INFO  : FPGA configured successfully with bitstream "C:/Users/josen/Documents/GitHub/Pcam_to_SD_Memory/cam_to_sd/cam_to_sd.sdk/system_wrapper_hw_platform_0/system_wrapper.bit"
16:33:24 INFO  : Disconnected from the channel tcfchan#7.
16:33:25 INFO  : 'targets -set -filter {jtag_cable_name =~ "Digilent Zybo Z7 210351A82458A" && level==0} -index 1' command is executed.
16:33:25 INFO  : 'fpga -state' command is executed.
16:33:25 INFO  : Connected to target on host '127.0.0.1' and port '3121'.
16:33:26 INFO  : Jtag cable 'Digilent Zybo Z7 210351A82458A' is selected.
16:33:26 INFO  : 'jtag frequency' command is executed.
16:33:26 INFO  : Sourcing of 'C:/Users/josen/Documents/GitHub/Pcam_to_SD_Memory/cam_to_sd/cam_to_sd.sdk/system_wrapper_hw_platform_0/ps7_init.tcl' is done.
16:33:26 INFO  : Context for 'APU' is selected.
16:33:32 INFO  : Hardware design information is loaded from 'C:/Users/josen/Documents/GitHub/Pcam_to_SD_Memory/cam_to_sd/cam_to_sd.sdk/system_wrapper_hw_platform_0/system.hdf'.
16:33:32 INFO  : 'configparams force-mem-access 1' command is executed.
16:33:32 INFO  : Context for 'APU' is selected.
16:33:32 INFO  : 'stop' command is executed.
16:33:33 INFO  : 'ps7_init' command is executed.
16:33:33 INFO  : 'ps7_post_config' command is executed.
16:33:33 INFO  : Context for processor 'ps7_cortexa9_0' is selected.
16:33:33 INFO  : Processor reset is completed for 'ps7_cortexa9_0'.
16:33:33 INFO  : Context for processor 'ps7_cortexa9_0' is selected.
16:33:35 INFO  : The application 'C:/Users/josen/Documents/GitHub/Pcam_to_SD_Memory/cam_to_sd/cam_to_sd.sdk/capturer/Debug/capturer.elf' is downloaded to processor 'ps7_cortexa9_0'.
16:33:36 INFO  : 'configparams force-mem-access 0' command is executed.
16:33:36 INFO  : ----------------XSDB Script----------------
connect -url tcp:127.0.0.1:3121
source C:/Users/josen/Documents/GitHub/Pcam_to_SD_Memory/cam_to_sd/cam_to_sd.sdk/system_wrapper_hw_platform_0/ps7_init.tcl
targets -set -nocase -filter {name =~"APU*" && jtag_cable_name =~ "Digilent Zybo Z7 210351A82458A"} -index 0
loadhw -hw C:/Users/josen/Documents/GitHub/Pcam_to_SD_Memory/cam_to_sd/cam_to_sd.sdk/system_wrapper_hw_platform_0/system.hdf -mem-ranges [list {0x40000000 0xbfffffff}]
configparams force-mem-access 1
targets -set -nocase -filter {name =~"APU*" && jtag_cable_name =~ "Digilent Zybo Z7 210351A82458A"} -index 0
stop
ps7_init
ps7_post_config
targets -set -nocase -filter {name =~ "ARM*#0" && jtag_cable_name =~ "Digilent Zybo Z7 210351A82458A"} -index 0
rst -processor
targets -set -nocase -filter {name =~ "ARM*#0" && jtag_cable_name =~ "Digilent Zybo Z7 210351A82458A"} -index 0
dow C:/Users/josen/Documents/GitHub/Pcam_to_SD_Memory/cam_to_sd/cam_to_sd.sdk/capturer/Debug/capturer.elf
configparams force-mem-access 0
----------------End of Script----------------

16:33:36 INFO  : Memory regions updated for context APU
16:33:37 INFO  : Context for processor 'ps7_cortexa9_0' is selected.
16:33:37 INFO  : 'con' command is executed.
16:33:37 INFO  : ----------------XSDB Script (After Launch)----------------
targets -set -nocase -filter {name =~ "ARM*#0" && jtag_cable_name =~ "Digilent Zybo Z7 210351A82458A"} -index 0
con
----------------End of Script----------------

16:33:37 INFO  : Launch script is exported to file 'C:\Users\josen\Documents\GitHub\Pcam_to_SD_Memory\cam_to_sd\cam_to_sd.sdk\.sdk\launch_scripts\xilinx_c-c++_application_(system_debugger)\system_debugger_using_debug_capturer.elf_on_local.tcl'
16:38:15 INFO  : Disconnected from the channel tcfchan#8.
08:36:52 INFO  : Registering command handlers for SDK TCF services
08:36:53 INFO  : Launching XSCT server: xsct.bat -interactive C:\Users\josen\Documents\GitHub\Pcam_to_SD_Memory\cam_to_sd\cam_to_sd.sdk\temp_xsdb_launch_script.tcl
08:36:56 INFO  : XSCT server has started successfully.
08:36:58 INFO  : Processing command line option -hwspec C:/Users/josen/Documents/GitHub/Pcam_to_SD_Memory/cam_to_sd/cam_to_sd.sdk/system_wrapper.hdf.
08:36:58 INFO  : Successfully done setting XSCT server connection channel  
08:36:58 INFO  : Successfully done setting SDK workspace  
08:36:58 INFO  : Checking for hwspec changes in the project system_wrapper_hw_platform_0.
09:09:06 INFO  : Connected to target on host '127.0.0.1' and port '3121'.
09:09:09 INFO  : 'targets -set -filter {jtag_cable_name =~ "Digilent Zybo Z7 210351A82458A" && level==0} -index 1' command is executed.
09:09:11 INFO  : FPGA configured successfully with bitstream "C:/Users/josen/Documents/GitHub/Pcam_to_SD_Memory/cam_to_sd/cam_to_sd.sdk/system_wrapper_hw_platform_0/system_wrapper.bit"
09:09:25 INFO  : 'targets -set -filter {jtag_cable_name =~ "Digilent Zybo Z7 210351A82458A" && level==0} -index 1' command is executed.
09:09:25 INFO  : 'fpga -state' command is executed.
09:09:25 INFO  : Connected to target on host '127.0.0.1' and port '3121'.
09:09:25 INFO  : Jtag cable 'Digilent Zybo Z7 210351A82458A' is selected.
09:09:25 INFO  : 'jtag frequency' command is executed.
09:09:25 INFO  : Sourcing of 'C:/Users/josen/Documents/GitHub/Pcam_to_SD_Memory/cam_to_sd/cam_to_sd.sdk/system_wrapper_hw_platform_0/ps7_init.tcl' is done.
09:09:25 INFO  : Context for 'APU' is selected.
09:09:25 INFO  : Hardware design information is loaded from 'C:/Users/josen/Documents/GitHub/Pcam_to_SD_Memory/cam_to_sd/cam_to_sd.sdk/system_wrapper_hw_platform_0/system.hdf'.
09:09:25 INFO  : 'configparams force-mem-access 1' command is executed.
09:09:25 INFO  : Context for 'APU' is selected.
09:09:25 INFO  : 'stop' command is executed.
09:09:26 INFO  : 'ps7_init' command is executed.
09:09:26 INFO  : 'ps7_post_config' command is executed.
09:09:26 INFO  : Context for processor 'ps7_cortexa9_0' is selected.
09:09:26 INFO  : Processor reset is completed for 'ps7_cortexa9_0'.
09:09:26 INFO  : Context for processor 'ps7_cortexa9_0' is selected.
09:09:28 INFO  : The application 'C:/Users/josen/Documents/GitHub/Pcam_to_SD_Memory/cam_to_sd/cam_to_sd.sdk/capturer/Debug/capturer.elf' is downloaded to processor 'ps7_cortexa9_0'.
09:09:28 INFO  : 'configparams force-mem-access 0' command is executed.
09:09:28 INFO  : ----------------XSDB Script----------------
connect -url tcp:127.0.0.1:3121
source C:/Users/josen/Documents/GitHub/Pcam_to_SD_Memory/cam_to_sd/cam_to_sd.sdk/system_wrapper_hw_platform_0/ps7_init.tcl
targets -set -nocase -filter {name =~"APU*" && jtag_cable_name =~ "Digilent Zybo Z7 210351A82458A"} -index 0
loadhw -hw C:/Users/josen/Documents/GitHub/Pcam_to_SD_Memory/cam_to_sd/cam_to_sd.sdk/system_wrapper_hw_platform_0/system.hdf -mem-ranges [list {0x40000000 0xbfffffff}]
configparams force-mem-access 1
targets -set -nocase -filter {name =~"APU*" && jtag_cable_name =~ "Digilent Zybo Z7 210351A82458A"} -index 0
stop
ps7_init
ps7_post_config
targets -set -nocase -filter {name =~ "ARM*#0" && jtag_cable_name =~ "Digilent Zybo Z7 210351A82458A"} -index 0
rst -processor
targets -set -nocase -filter {name =~ "ARM*#0" && jtag_cable_name =~ "Digilent Zybo Z7 210351A82458A"} -index 0
dow C:/Users/josen/Documents/GitHub/Pcam_to_SD_Memory/cam_to_sd/cam_to_sd.sdk/capturer/Debug/capturer.elf
configparams force-mem-access 0
----------------End of Script----------------

09:09:28 INFO  : Memory regions updated for context APU
09:09:28 INFO  : Context for processor 'ps7_cortexa9_0' is selected.
09:09:28 INFO  : 'con' command is executed.
09:09:28 INFO  : ----------------XSDB Script (After Launch)----------------
targets -set -nocase -filter {name =~ "ARM*#0" && jtag_cable_name =~ "Digilent Zybo Z7 210351A82458A"} -index 0
con
----------------End of Script----------------

09:09:28 INFO  : Launch script is exported to file 'C:\Users\josen\Documents\GitHub\Pcam_to_SD_Memory\cam_to_sd\cam_to_sd.sdk\.sdk\launch_scripts\xilinx_c-c++_application_(system_debugger)\system_debugger_using_debug_capturer.elf_on_local.tcl'
09:09:54 INFO  : Connected to target on host '127.0.0.1' and port '3121'.
09:09:54 INFO  : 'targets -set -filter {jtag_cable_name =~ "Digilent Zybo Z7 210351A82458A" && level==0} -index 1' command is executed.
09:09:57 INFO  : FPGA configured successfully with bitstream "C:/Users/josen/Documents/GitHub/Pcam_to_SD_Memory/cam_to_sd/cam_to_sd.sdk/system_wrapper_hw_platform_0/system_wrapper.bit"
09:10:05 INFO  : Disconnected from the channel tcfchan#1.
09:10:06 INFO  : 'targets -set -filter {jtag_cable_name =~ "Digilent Zybo Z7 210351A82458A" && level==0} -index 1' command is executed.
09:10:06 INFO  : 'fpga -state' command is executed.
09:10:06 INFO  : Connected to target on host '127.0.0.1' and port '3121'.
09:10:07 INFO  : Jtag cable 'Digilent Zybo Z7 210351A82458A' is selected.
09:10:07 INFO  : 'jtag frequency' command is executed.
09:10:07 INFO  : Sourcing of 'C:/Users/josen/Documents/GitHub/Pcam_to_SD_Memory/cam_to_sd/cam_to_sd.sdk/system_wrapper_hw_platform_0/ps7_init.tcl' is done.
09:10:07 INFO  : Context for 'APU' is selected.
09:10:09 INFO  : Hardware design information is loaded from 'C:/Users/josen/Documents/GitHub/Pcam_to_SD_Memory/cam_to_sd/cam_to_sd.sdk/system_wrapper_hw_platform_0/system.hdf'.
09:10:09 INFO  : 'configparams force-mem-access 1' command is executed.
09:10:09 INFO  : Context for 'APU' is selected.
09:10:09 INFO  : 'stop' command is executed.
09:10:09 INFO  : 'ps7_init' command is executed.
09:10:09 INFO  : 'ps7_post_config' command is executed.
09:10:09 INFO  : Context for processor 'ps7_cortexa9_0' is selected.
09:10:09 INFO  : Processor reset is completed for 'ps7_cortexa9_0'.
09:10:09 INFO  : Context for processor 'ps7_cortexa9_0' is selected.
09:10:11 INFO  : The application 'C:/Users/josen/Documents/GitHub/Pcam_to_SD_Memory/cam_to_sd/cam_to_sd.sdk/capturer/Debug/capturer.elf' is downloaded to processor 'ps7_cortexa9_0'.
09:10:11 INFO  : 'configparams force-mem-access 0' command is executed.
09:10:11 INFO  : ----------------XSDB Script----------------
connect -url tcp:127.0.0.1:3121
source C:/Users/josen/Documents/GitHub/Pcam_to_SD_Memory/cam_to_sd/cam_to_sd.sdk/system_wrapper_hw_platform_0/ps7_init.tcl
targets -set -nocase -filter {name =~"APU*" && jtag_cable_name =~ "Digilent Zybo Z7 210351A82458A"} -index 0
loadhw -hw C:/Users/josen/Documents/GitHub/Pcam_to_SD_Memory/cam_to_sd/cam_to_sd.sdk/system_wrapper_hw_platform_0/system.hdf -mem-ranges [list {0x40000000 0xbfffffff}]
configparams force-mem-access 1
targets -set -nocase -filter {name =~"APU*" && jtag_cable_name =~ "Digilent Zybo Z7 210351A82458A"} -index 0
stop
ps7_init
ps7_post_config
targets -set -nocase -filter {name =~ "ARM*#0" && jtag_cable_name =~ "Digilent Zybo Z7 210351A82458A"} -index 0
rst -processor
targets -set -nocase -filter {name =~ "ARM*#0" && jtag_cable_name =~ "Digilent Zybo Z7 210351A82458A"} -index 0
dow C:/Users/josen/Documents/GitHub/Pcam_to_SD_Memory/cam_to_sd/cam_to_sd.sdk/capturer/Debug/capturer.elf
configparams force-mem-access 0
----------------End of Script----------------

09:10:11 INFO  : Memory regions updated for context APU
09:10:11 INFO  : Context for processor 'ps7_cortexa9_0' is selected.
09:10:11 INFO  : 'con' command is executed.
09:10:11 INFO  : ----------------XSDB Script (After Launch)----------------
targets -set -nocase -filter {name =~ "ARM*#0" && jtag_cable_name =~ "Digilent Zybo Z7 210351A82458A"} -index 0
con
----------------End of Script----------------

09:10:11 INFO  : Launch script is exported to file 'C:\Users\josen\Documents\GitHub\Pcam_to_SD_Memory\cam_to_sd\cam_to_sd.sdk\.sdk\launch_scripts\xilinx_c-c++_application_(system_debugger)\system_debugger_using_debug_capturer.elf_on_local.tcl'
09:20:00 INFO  : Connected to target on host '127.0.0.1' and port '3121'.
09:20:00 INFO  : 'targets -set -filter {jtag_cable_name =~ "Digilent Zybo Z7 210351A82458A" && level==0} -index 1' command is executed.
09:20:03 INFO  : FPGA configured successfully with bitstream "C:/Users/josen/Documents/GitHub/Pcam_to_SD_Memory/cam_to_sd/cam_to_sd.sdk/system_wrapper_hw_platform_0/system_wrapper.bit"
09:20:18 INFO  : Disconnected from the channel tcfchan#2.
09:20:20 INFO  : 'targets -set -filter {jtag_cable_name =~ "Digilent Zybo Z7 210351A82458A" && level==0} -index 1' command is executed.
09:20:20 INFO  : 'fpga -state' command is executed.
09:20:20 INFO  : Connected to target on host '127.0.0.1' and port '3121'.
09:20:20 INFO  : Jtag cable 'Digilent Zybo Z7 210351A82458A' is selected.
09:20:20 INFO  : 'jtag frequency' command is executed.
09:20:20 INFO  : Sourcing of 'C:/Users/josen/Documents/GitHub/Pcam_to_SD_Memory/cam_to_sd/cam_to_sd.sdk/system_wrapper_hw_platform_0/ps7_init.tcl' is done.
09:20:20 INFO  : Context for 'APU' is selected.
09:20:22 INFO  : Hardware design information is loaded from 'C:/Users/josen/Documents/GitHub/Pcam_to_SD_Memory/cam_to_sd/cam_to_sd.sdk/system_wrapper_hw_platform_0/system.hdf'.
09:20:22 INFO  : 'configparams force-mem-access 1' command is executed.
09:20:22 INFO  : Context for 'APU' is selected.
09:20:22 INFO  : 'stop' command is executed.
09:20:22 INFO  : 'ps7_init' command is executed.
09:20:22 INFO  : 'ps7_post_config' command is executed.
09:20:22 INFO  : Context for processor 'ps7_cortexa9_0' is selected.
09:20:22 INFO  : Processor reset is completed for 'ps7_cortexa9_0'.
09:20:22 INFO  : Context for processor 'ps7_cortexa9_0' is selected.
09:20:24 INFO  : The application 'C:/Users/josen/Documents/GitHub/Pcam_to_SD_Memory/cam_to_sd/cam_to_sd.sdk/capturer/Debug/capturer.elf' is downloaded to processor 'ps7_cortexa9_0'.
09:20:24 INFO  : 'configparams force-mem-access 0' command is executed.
09:20:24 INFO  : ----------------XSDB Script----------------
connect -url tcp:127.0.0.1:3121
source C:/Users/josen/Documents/GitHub/Pcam_to_SD_Memory/cam_to_sd/cam_to_sd.sdk/system_wrapper_hw_platform_0/ps7_init.tcl
targets -set -nocase -filter {name =~"APU*" && jtag_cable_name =~ "Digilent Zybo Z7 210351A82458A"} -index 0
loadhw -hw C:/Users/josen/Documents/GitHub/Pcam_to_SD_Memory/cam_to_sd/cam_to_sd.sdk/system_wrapper_hw_platform_0/system.hdf -mem-ranges [list {0x40000000 0xbfffffff}]
configparams force-mem-access 1
targets -set -nocase -filter {name =~"APU*" && jtag_cable_name =~ "Digilent Zybo Z7 210351A82458A"} -index 0
stop
ps7_init
ps7_post_config
targets -set -nocase -filter {name =~ "ARM*#0" && jtag_cable_name =~ "Digilent Zybo Z7 210351A82458A"} -index 0
rst -processor
targets -set -nocase -filter {name =~ "ARM*#0" && jtag_cable_name =~ "Digilent Zybo Z7 210351A82458A"} -index 0
dow C:/Users/josen/Documents/GitHub/Pcam_to_SD_Memory/cam_to_sd/cam_to_sd.sdk/capturer/Debug/capturer.elf
configparams force-mem-access 0
----------------End of Script----------------

09:20:24 INFO  : Memory regions updated for context APU
09:20:24 INFO  : Context for processor 'ps7_cortexa9_0' is selected.
09:20:24 INFO  : 'con' command is executed.
09:20:24 INFO  : ----------------XSDB Script (After Launch)----------------
targets -set -nocase -filter {name =~ "ARM*#0" && jtag_cable_name =~ "Digilent Zybo Z7 210351A82458A"} -index 0
con
----------------End of Script----------------

09:20:24 INFO  : Launch script is exported to file 'C:\Users\josen\Documents\GitHub\Pcam_to_SD_Memory\cam_to_sd\cam_to_sd.sdk\.sdk\launch_scripts\xilinx_c-c++_application_(system_debugger)\system_debugger_using_debug_capturer.elf_on_local.tcl'
09:20:44 INFO  : Connected to target on host '127.0.0.1' and port '3121'.
09:20:45 INFO  : 'targets -set -filter {jtag_cable_name =~ "Digilent Zybo Z7 210351A82458A" && level==0} -index 1' command is executed.
09:20:48 INFO  : FPGA configured successfully with bitstream "C:/Users/josen/Documents/GitHub/Pcam_to_SD_Memory/cam_to_sd/cam_to_sd.sdk/system_wrapper_hw_platform_0/system_wrapper.bit"
09:21:00 INFO  : Disconnected from the channel tcfchan#3.
09:21:01 INFO  : 'targets -set -filter {jtag_cable_name =~ "Digilent Zybo Z7 210351A82458A" && level==0} -index 1' command is executed.
09:21:01 INFO  : 'fpga -state' command is executed.
09:21:01 INFO  : Connected to target on host '127.0.0.1' and port '3121'.
09:21:02 INFO  : Jtag cable 'Digilent Zybo Z7 210351A82458A' is selected.
09:21:02 INFO  : 'jtag frequency' command is executed.
09:21:02 INFO  : Sourcing of 'C:/Users/josen/Documents/GitHub/Pcam_to_SD_Memory/cam_to_sd/cam_to_sd.sdk/system_wrapper_hw_platform_0/ps7_init.tcl' is done.
09:21:02 INFO  : Context for 'APU' is selected.
09:21:04 INFO  : Hardware design information is loaded from 'C:/Users/josen/Documents/GitHub/Pcam_to_SD_Memory/cam_to_sd/cam_to_sd.sdk/system_wrapper_hw_platform_0/system.hdf'.
09:21:04 INFO  : 'configparams force-mem-access 1' command is executed.
09:21:04 INFO  : Context for 'APU' is selected.
09:21:04 INFO  : 'stop' command is executed.
09:21:05 INFO  : 'ps7_init' command is executed.
09:21:05 INFO  : 'ps7_post_config' command is executed.
09:21:05 INFO  : Context for processor 'ps7_cortexa9_0' is selected.
09:21:05 INFO  : Processor reset is completed for 'ps7_cortexa9_0'.
09:21:05 INFO  : Context for processor 'ps7_cortexa9_0' is selected.
09:21:07 INFO  : The application 'C:/Users/josen/Documents/GitHub/Pcam_to_SD_Memory/cam_to_sd/cam_to_sd.sdk/capturer/Debug/capturer.elf' is downloaded to processor 'ps7_cortexa9_0'.
09:21:07 INFO  : 'configparams force-mem-access 0' command is executed.
09:21:07 INFO  : ----------------XSDB Script----------------
connect -url tcp:127.0.0.1:3121
source C:/Users/josen/Documents/GitHub/Pcam_to_SD_Memory/cam_to_sd/cam_to_sd.sdk/system_wrapper_hw_platform_0/ps7_init.tcl
targets -set -nocase -filter {name =~"APU*" && jtag_cable_name =~ "Digilent Zybo Z7 210351A82458A"} -index 0
loadhw -hw C:/Users/josen/Documents/GitHub/Pcam_to_SD_Memory/cam_to_sd/cam_to_sd.sdk/system_wrapper_hw_platform_0/system.hdf -mem-ranges [list {0x40000000 0xbfffffff}]
configparams force-mem-access 1
targets -set -nocase -filter {name =~"APU*" && jtag_cable_name =~ "Digilent Zybo Z7 210351A82458A"} -index 0
stop
ps7_init
ps7_post_config
targets -set -nocase -filter {name =~ "ARM*#0" && jtag_cable_name =~ "Digilent Zybo Z7 210351A82458A"} -index 0
rst -processor
targets -set -nocase -filter {name =~ "ARM*#0" && jtag_cable_name =~ "Digilent Zybo Z7 210351A82458A"} -index 0
dow C:/Users/josen/Documents/GitHub/Pcam_to_SD_Memory/cam_to_sd/cam_to_sd.sdk/capturer/Debug/capturer.elf
configparams force-mem-access 0
----------------End of Script----------------

09:21:07 INFO  : Memory regions updated for context APU
09:21:07 INFO  : Context for processor 'ps7_cortexa9_0' is selected.
09:21:07 INFO  : 'con' command is executed.
09:21:07 INFO  : ----------------XSDB Script (After Launch)----------------
targets -set -nocase -filter {name =~ "ARM*#0" && jtag_cable_name =~ "Digilent Zybo Z7 210351A82458A"} -index 0
con
----------------End of Script----------------

09:21:07 INFO  : Launch script is exported to file 'C:\Users\josen\Documents\GitHub\Pcam_to_SD_Memory\cam_to_sd\cam_to_sd.sdk\.sdk\launch_scripts\xilinx_c-c++_application_(system_debugger)\system_debugger_using_debug_capturer.elf_on_local.tcl'
09:21:40 INFO  : Connected to target on host '127.0.0.1' and port '3121'.
09:21:41 INFO  : 'targets -set -filter {jtag_cable_name =~ "Digilent Zybo Z7 210351A82458A" && level==0} -index 1' command is executed.
09:21:43 INFO  : FPGA configured successfully with bitstream "C:/Users/josen/Documents/GitHub/Pcam_to_SD_Memory/cam_to_sd/cam_to_sd.sdk/system_wrapper_hw_platform_0/system_wrapper.bit"
09:21:51 INFO  : Disconnected from the channel tcfchan#4.
09:21:52 INFO  : 'targets -set -filter {jtag_cable_name =~ "Digilent Zybo Z7 210351A82458A" && level==0} -index 1' command is executed.
09:21:52 INFO  : 'fpga -state' command is executed.
09:21:52 INFO  : Connected to target on host '127.0.0.1' and port '3121'.
09:21:52 INFO  : Jtag cable 'Digilent Zybo Z7 210351A82458A' is selected.
09:21:52 INFO  : 'jtag frequency' command is executed.
09:21:52 INFO  : Sourcing of 'C:/Users/josen/Documents/GitHub/Pcam_to_SD_Memory/cam_to_sd/cam_to_sd.sdk/system_wrapper_hw_platform_0/ps7_init.tcl' is done.
09:21:52 INFO  : Context for 'APU' is selected.
09:21:56 INFO  : Hardware design information is loaded from 'C:/Users/josen/Documents/GitHub/Pcam_to_SD_Memory/cam_to_sd/cam_to_sd.sdk/system_wrapper_hw_platform_0/system.hdf'.
09:21:56 INFO  : 'configparams force-mem-access 1' command is executed.
09:21:56 INFO  : Context for 'APU' is selected.
09:21:56 INFO  : 'stop' command is executed.
09:21:56 INFO  : 'ps7_init' command is executed.
09:21:56 INFO  : 'ps7_post_config' command is executed.
09:21:56 INFO  : Context for processor 'ps7_cortexa9_0' is selected.
09:21:56 INFO  : Processor reset is completed for 'ps7_cortexa9_0'.
09:21:56 INFO  : Context for processor 'ps7_cortexa9_0' is selected.
09:21:58 INFO  : The application 'C:/Users/josen/Documents/GitHub/Pcam_to_SD_Memory/cam_to_sd/cam_to_sd.sdk/capturer/Debug/capturer.elf' is downloaded to processor 'ps7_cortexa9_0'.
09:21:58 INFO  : 'configparams force-mem-access 0' command is executed.
09:21:58 INFO  : ----------------XSDB Script----------------
connect -url tcp:127.0.0.1:3121
source C:/Users/josen/Documents/GitHub/Pcam_to_SD_Memory/cam_to_sd/cam_to_sd.sdk/system_wrapper_hw_platform_0/ps7_init.tcl
targets -set -nocase -filter {name =~"APU*" && jtag_cable_name =~ "Digilent Zybo Z7 210351A82458A"} -index 0
loadhw -hw C:/Users/josen/Documents/GitHub/Pcam_to_SD_Memory/cam_to_sd/cam_to_sd.sdk/system_wrapper_hw_platform_0/system.hdf -mem-ranges [list {0x40000000 0xbfffffff}]
configparams force-mem-access 1
targets -set -nocase -filter {name =~"APU*" && jtag_cable_name =~ "Digilent Zybo Z7 210351A82458A"} -index 0
stop
ps7_init
ps7_post_config
targets -set -nocase -filter {name =~ "ARM*#0" && jtag_cable_name =~ "Digilent Zybo Z7 210351A82458A"} -index 0
rst -processor
targets -set -nocase -filter {name =~ "ARM*#0" && jtag_cable_name =~ "Digilent Zybo Z7 210351A82458A"} -index 0
dow C:/Users/josen/Documents/GitHub/Pcam_to_SD_Memory/cam_to_sd/cam_to_sd.sdk/capturer/Debug/capturer.elf
configparams force-mem-access 0
----------------End of Script----------------

09:21:58 INFO  : Memory regions updated for context APU
09:21:59 INFO  : Context for processor 'ps7_cortexa9_0' is selected.
09:21:59 INFO  : 'con' command is executed.
09:21:59 INFO  : ----------------XSDB Script (After Launch)----------------
targets -set -nocase -filter {name =~ "ARM*#0" && jtag_cable_name =~ "Digilent Zybo Z7 210351A82458A"} -index 0
con
----------------End of Script----------------

09:21:59 INFO  : Launch script is exported to file 'C:\Users\josen\Documents\GitHub\Pcam_to_SD_Memory\cam_to_sd\cam_to_sd.sdk\.sdk\launch_scripts\xilinx_c-c++_application_(system_debugger)\system_debugger_using_debug_capturer.elf_on_local.tcl'
09:24:23 INFO  : Invoking Bootgen: bootgen -image capturer.bif -arch zynq -o C:\Users\josen\Documents\GitHub\Pcam_to_SD_Memory\cam_to_sd\cam_to_sd.sdk\capturer\bootimage\BOOT.bin -w on
09:24:26 INFO  : Bootgen command execution is done.
09:26:28 INFO  : Disconnected from the channel tcfchan#5.
