Copyright 1986-2019 Xilinx, Inc. All Rights Reserved.
------------------------------------------------------------------------------------------------------------------------------------------
| Tool Version : Vivado v.2019.1 (win64) Build 2552052 Fri May 24 14:49:42 MDT 2019
| Date         : Fri Jul 12 11:11:25 2019
| Host         : DESKTOP-D2IPGR4 running 64-bit major release  (build 9200)
| Command      : report_drc -file design_1_wrapper_drc_routed.rpt -pb design_1_wrapper_drc_routed.pb -rpx design_1_wrapper_drc_routed.rpx
| Design       : design_1_wrapper
| Device       : xc7z020clg400-1
| Speed File   : -1
| Design State : Fully Routed
------------------------------------------------------------------------------------------------------------------------------------------

Report DRC

Table of Contents
-----------------
1. REPORT SUMMARY
2. REPORT DETAILS

1. REPORT SUMMARY
-----------------
            Netlist: netlist
          Floorplan: design_1
      Design limits: <entire design considered>
           Ruledeck: default
             Max violations: <unlimited>
             Violations found: 3
+-----------+----------+------------------------+------------+
| Rule      | Severity | Description            | Violations |
+-----------+----------+------------------------+------------+
| DPIP-1    | Warning  | Input pipelining       | 1          |
| DPOP-2    | Warning  | MREG Output pipelining | 1          |
| RTSTAT-10 | Warning  | No routable loads      | 1          |
+-----------+----------+------------------------+------------+

2. REPORT DETAILS
-----------------
DPIP-1#1 Warning
Input pipelining  
DSP design_1_i/v_frmbuf_wr_0/inst/Block_crit_edge246_U0/mul_ln135_reg_69_reg input design_1_i/v_frmbuf_wr_0/inst/Block_crit_edge246_U0/mul_ln135_reg_69_reg/A[29:0] is not pipelined. Pipelining DSP48 input will improve performance.
Related violations: <none>

DPOP-2#1 Warning
MREG Output pipelining  
DSP design_1_i/v_frmbuf_wr_0/inst/MultiPixStream2Bytes_U0/mul_ln609_reg_1291_reg multiplier stage design_1_i/v_frmbuf_wr_0/inst/MultiPixStream2Bytes_U0/mul_ln609_reg_1291_reg/P[47:0] is not pipelined (MREG=0). Pipelining the multiplier function will improve performance and will save significant power so it is suggested whenever possible to fully pipeline this function.  If this multiplier was inferred, it is suggested to describe an additional register stage after this function.  If there is no registered adder/accumulator following the multiply function, two pipeline stages are suggested to allow both the MREG and PREG registers to be used.  If the DSP48 was instantiated in the design, it is suggested to set both the MREG and PREG attributes to 1 when performing multiply functions.
Related violations: <none>

RTSTAT-10#1 Warning
No routable loads  
25 net(s) have no routable loads. The problem bus(es) and/or net(s) are design_1_i/ps7_0_axi_periph/s01_couplers/auto_ds/inst/gen_downsizer.gen_simple_downsizer.axi_downsizer_inst/USE_WRITE.write_addr_inst/cmd_queue/inst/fifo_gen_inst/inst_fifo_gen/gconvfifo.rf/grf.rf/gntv_or_sync_fifo.gl0.rd/gr1.gr1_int.rfwft/aempty_fwft_i, design_1_i/MIPI_CSI_2_RX_0/U0/MIPI_CSI2_Rx_inst/LLP_inst/DataFIFO/U0/inst_fifo_gen/gaxis_fifo.gaxisf.axisf/grf.rf/gntv_or_sync_fifo.gl0.rd/gr1.gr1_int.rfwft/aempty_fwft_i, design_1_i/ps7_0_axi_periph/s01_couplers/auto_ds/inst/gen_downsizer.gen_simple_downsizer.axi_downsizer_inst/USE_WRITE.write_addr_inst/USE_B_CHANNEL.cmd_b_queue/inst/fifo_gen_inst/inst_fifo_gen/gconvfifo.rf/grf.rf/gntv_or_sync_fifo.gl0.rd/gr1.gr1_int.rfwft/aempty_fwft_i, design_1_i/ps7_0_axi_periph/s01_couplers/auto_ds/inst/gen_downsizer.gen_simple_downsizer.axi_downsizer_inst/USE_READ.read_addr_inst/cmd_queue/inst/fifo_gen_inst/inst_fifo_gen/gconvfifo.rf/grf.rf/gntv_or_sync_fifo.gl0.rd/gr1.gr1_int.rfwft/aempty_fwft_i, design_1_i/mipi_dphy_0/inst/inst/design_1_mipi_dphy_0_1_rx_support_i/slave_rx.dphy_rx_fab_top/gen_rx_data_lane[0].rx_data_lane_inst/fifo_rd_rst_t1_nxt, design_1_i/mipi_dphy_0/inst/inst/design_1_mipi_dphy_0_1_rx_support_i/slave_rx.dphy_rx_fab_top/gen_rx_data_lane[1].rx_data_lane_inst/fifo_rd_rst_t1_nxt, design_1_i/mipi_dphy_0/inst/inst/design_1_mipi_dphy_0_1_rx_support_i/slave_rx.dphy_rx_fab_top/gen_rx_data_lane[0].rx_data_lane_inst/fifo_rd_rst_t2, design_1_i/mipi_dphy_0/inst/inst/design_1_mipi_dphy_0_1_rx_support_i/slave_rx.dphy_rx_fab_top/gen_rx_data_lane[1].rx_data_lane_inst/fifo_rd_rst_t2, design_1_i/mipi_dphy_0/inst/inst/design_1_mipi_dphy_0_1_rx_support_i/slave_rx.dphy_rx_fab_top/gen_rx_data_lane[0].rx_data_lane_inst/gen_hs_high_rates_spec_v1_1.rx_sot_det_align_i/h_reg[0], design_1_i/mipi_dphy_0/inst/inst/design_1_mipi_dphy_0_1_rx_support_i/slave_rx.dphy_rx_fab_top/gen_rx_data_lane[1].rx_data_lane_inst/gen_hs_high_rates_spec_v1_1.rx_sot_det_align_i/h_reg[0], design_1_i/mipi_dphy_0/inst/inst/design_1_mipi_dphy_0_1_rx_support_i/slave_rx.dphy_rx_fab_top/gen_rx_clk_lane.dphy_rx_clk_lane/out, design_1_i/ps7_0_axi_periph/s01_couplers/auto_ds/inst/gen_downsizer.gen_simple_downsizer.axi_downsizer_inst/USE_WRITE.write_addr_inst/cmd_queue/inst/fifo_gen_inst/inst_fifo_gen/gconvfifo.rf/grf.rf/gntv_or_sync_fifo.gl0.wr/gwss.wsts/ram_afull_fb, design_1_i/ps7_0_axi_periph/s01_couplers/auto_ds/inst/gen_downsizer.gen_simple_downsizer.axi_downsizer_inst/USE_WRITE.write_addr_inst/USE_B_CHANNEL.cmd_b_queue/inst/fifo_gen_inst/inst_fifo_gen/gconvfifo.rf/grf.rf/gntv_or_sync_fifo.gl0.wr/gwss.wsts/ram_afull_fb, design_1_i/ps7_0_axi_periph/s01_couplers/auto_ds/inst/gen_downsizer.gen_simple_downsizer.axi_downsizer_inst/USE_READ.read_addr_inst/cmd_queue/inst/fifo_gen_inst/inst_fifo_gen/gconvfifo.rf/grf.rf/gntv_or_sync_fifo.gl0.wr/gwss.wsts/ram_afull_fb, design_1_i/ps7_0_axi_periph/s01_couplers/auto_ds/inst/gen_downsizer.gen_simple_downsizer.axi_downsizer_inst/USE_WRITE.write_addr_inst/cmd_queue/inst/fifo_gen_inst/inst_fifo_gen/gconvfifo.rf/grf.rf/gntv_or_sync_fifo.gl0.wr/gwss.wsts/ram_afull_i (the first 15 of 25 listed).
Related violations: <none>


